# JRE version: Java(TM) SE Runtime Environment (8.0_66-b18) (build 1.8.0_66-b18)
# Java VM: Java HotSpot(TM) 64-Bit Server VM (25.66-b18 mixed mode windows-amd64 compressed oops)
Heap:
 PSYoungGen      total 518656K, used 435110K [0x00000000d5580000, 0x0000000100000000, 0x0000000100000000)
  eden space 361984K, 98% used [0x00000000d5580000,0x00000000eb1a77e8,0x00000000eb700000)
  from space 156672K, 50% used [0x00000000f6700000,0x00000000fb3c21a8,0x0000000100000000)
  to   space 168448K, 0% used [0x00000000eb700000,0x00000000eb700000,0x00000000f5b80000)
 ParOldGen       total 466944K, used 258947K [0x0000000080000000, 0x000000009c800000, 0x00000000d5580000)
  object space 466944K, 55% used [0x0000000080000000,0x000000008fce0d98,0x000000009c800000)
 Metaspace       used 86736K, capacity 91334K, committed 94592K, reserved 1132544K
  class space    used 10739K, capacity 11452K, committed 12160K, reserved 1048576K
GC Heap History (10 events):
Event: 8207.996 GC heap before
{Heap before GC invocations=30 (full 5):
 PSYoungGen      total 583168K, used 562280K [0x00000000d5580000, 0x0000000100000000, 0x0000000100000000)
  eden space 482816K, 100% used [0x00000000d5580000,0x00000000f2d00000,0x00000000f2d00000)
  from space 100352K, 79% used [0x00000000f9e00000,0x00000000feb9a218,0x0000000100000000)
  to   space 108032K, 0% used [0x00000000f2d00000,0x00000000f2d00000,0x00000000f9680000)
 ParOldGen       total 297984K, used 187485K [0x0000000080000000, 0x0000000092300000, 0x00000000d5580000)
  object space 297984K, 62% used [0x0000000080000000,0x000000008b717628,0x0000000092300000)
 Metaspace       used 87608K, capacity 93336K, committed 93440K, reserved 1130496K
  class space    used 11052K, capacity 12010K, committed 12032K, reserved 1048576K
Event: 8208.063 GC heap after
Heap after GC invocations=30 (full 5):
 PSYoungGen      total 583168K, used 100037K [0x00000000d5580000, 0x0000000100000000, 0x0000000100000000)
  eden space 482816K, 0% used [0x00000000d5580000,0x00000000d5580000,0x00000000f2d00000)
  from space 100352K, 99% used [0x00000000f2d00000,0x00000000f8eb14e8,0x00000000f8f00000)
  to   space 115712K, 0% used [0x00000000f8f00000,0x00000000f8f00000,0x0000000100000000)
 ParOldGen       total 297984K, used 187493K [0x0000000080000000, 0x0000000092300000, 0x00000000d5580000)
  object space 297984K, 62% used [0x0000000080000000,0x000000008b719628,0x0000000092300000)
 Metaspace       used 87608K, capacity 93336K, committed 93440K, reserved 1130496K
  class space    used 11052K, capacity 12010K, committed 12032K, reserved 1048576K
}
Event: 8220.296 GC heap before
{Heap before GC invocations=31 (full 5):
 PSYoungGen      total 583168K, used 582853K [0x00000000d5580000, 0x0000000100000000, 0x0000000100000000)
  eden space 482816K, 100% used [0x00000000d5580000,0x00000000f2d00000,0x00000000f2d00000)
  from space 100352K, 99% used [0x00000000f2d00000,0x00000000f8eb14e8,0x00000000f8f00000)
  to   space 115712K, 0% used [0x00000000f8f00000,0x00000000f8f00000,0x0000000100000000)
 ParOldGen       total 297984K, used 187493K [0x0000000080000000, 0x0000000092300000, 0x00000000d5580000)
  object space 297984K, 62% used [0x0000000080000000,0x000000008b719628,0x0000000092300000)
 Metaspace       used 88063K, capacity 93808K, committed 94080K, reserved 1130496K
  class space    used 11110K, capacity 12082K, committed 12160K, reserved 1048576K
Event: 8220.402 GC heap after
Heap after GC invocations=31 (full 5):
 PSYoungGen      total 509440K, used 115697K [0x00000000d5580000, 0x0000000100000000, 0x0000000100000000)
  eden space 393728K, 0% used [0x00000000d5580000,0x00000000d5580000,0x00000000ed600000)
  from space 115712K, 99% used [0x00000000f8f00000,0x00000000ffffc400,0x0000000100000000)
  to   space 152576K, 0% used [0x00000000ed600000,0x00000000ed600000,0x00000000f6b00000)
 ParOldGen       total 297984K, used 223924K [0x0000000080000000, 0x0000000092300000, 0x00000000d5580000)
  object space 297984K, 75% used [0x0000000080000000,0x000000008daad1c8,0x0000000092300000)
 Metaspace       used 88063K, capacity 93808K, committed 94080K, reserved 1130496K
  class space    used 11110K, capacity 12082K, committed 12160K, reserved 1048576K
}
Event: 8223.015 GC heap before
{Heap before GC invocations=32 (full 5):
 PSYoungGen      total 509440K, used 509425K [0x00000000d5580000, 0x0000000100000000, 0x0000000100000000)
  eden space 393728K, 100% used [0x00000000d5580000,0x00000000ed600000,0x00000000ed600000)
  from space 115712K, 99% used [0x00000000f8f00000,0x00000000ffffc400,0x0000000100000000)
  to   space 152576K, 0% used [0x00000000ed600000,0x00000000ed600000,0x00000000f6b00000)
 ParOldGen       total 297984K, used 223924K [0x0000000080000000, 0x0000000092300000, 0x00000000d5580000)
  object space 297984K, 75% used [0x0000000080000000,0x000000008daad1c8,0x0000000092300000)
 Metaspace       used 88652K, capacity 94358K, committed 94592K, reserved 1132544K
  class space    used 11156K, capacity 12115K, committed 12160K, reserved 1048576K
Event: 8223.129 GC heap after
Heap after GC invocations=32 (full 5):
 PSYoungGen      total 542208K, used 148266K [0x00000000d5580000, 0x0000000100000000, 0x0000000100000000)
  eden space 393728K, 0% used [0x00000000d5580000,0x00000000d5580000,0x00000000ed600000)
  from space 148480K, 99% used [0x00000000ed600000,0x00000000f66ca918,0x00000000f6700000)
  to   space 156672K, 0% used [0x00000000f6700000,0x00000000f6700000,0x0000000100000000)
 ParOldGen       total 297984K, used 254150K [0x0000000080000000, 0x0000000092300000, 0x00000000d5580000)
  object space 297984K, 85% used [0x0000000080000000,0x000000008f831858,0x0000000092300000)
 Metaspace       used 88652K, capacity 94358K, committed 94592K, reserved 1132544K
  class space    used 11156K, capacity 12115K, committed 12160K, reserved 1048576K
}
Event: 8223.129 GC heap before
{Heap before GC invocations=33 (full 6):
 PSYoungGen      total 542208K, used 148266K [0x00000000d5580000, 0x0000000100000000, 0x0000000100000000)
  eden space 393728K, 0% used [0x00000000d5580000,0x00000000d5580000,0x00000000ed600000)
  from space 148480K, 99% used [0x00000000ed600000,0x00000000f66ca918,0x00000000f6700000)
  to   space 156672K, 0% used [0x00000000f6700000,0x00000000f6700000,0x0000000100000000)
 ParOldGen       total 297984K, used 254150K [0x0000000080000000, 0x0000000092300000, 0x00000000d5580000)
  object space 297984K, 85% used [0x0000000080000000,0x000000008f831858,0x0000000092300000)
 Metaspace       used 88652K, capacity 94358K, committed 94592K, reserved 1132544K
  class space    used 11156K, capacity 12115K, committed 12160K, reserved 1048576K
Event: 8223.791 GC heap after
Heap after GC invocations=33 (full 6):
 PSYoungGen      total 542208K, used 0K [0x00000000d5580000, 0x0000000100000000, 0x0000000100000000)
  eden space 393728K, 0% used [0x00000000d5580000,0x00000000d5580000,0x00000000ed600000)
  from space 148480K, 0% used [0x00000000ed600000,0x00000000ed600000,0x00000000f6700000)
  to   space 156672K, 0% used [0x00000000f6700000,0x00000000f6700000,0x0000000100000000)
 ParOldGen       total 466944K, used 258939K [0x0000000080000000, 0x000000009c800000, 0x00000000d5580000)
  object space 466944K, 55% used [0x0000000080000000,0x000000008fcded98,0x000000009c800000)
 Metaspace       used 86592K, capacity 91062K, committed 94592K, reserved 1132544K
  class space    used 10722K, capacity 11410K, committed 12160K, reserved 1048576K
}
Event: 8226.699 GC heap before
{Heap before GC invocations=34 (full 6):
 PSYoungGen      total 542208K, used 393728K [0x00000000d5580000, 0x0000000100000000, 0x0000000100000000)
  eden space 393728K, 100% used [0x00000000d5580000,0x00000000ed600000,0x00000000ed600000)
  from space 148480K, 0% used [0x00000000ed600000,0x00000000ed600000,0x00000000f6700000)
  to   space 156672K, 0% used [0x00000000f6700000,0x00000000f6700000,0x0000000100000000)
 ParOldGen       total 466944K, used 258939K [0x0000000080000000, 0x000000009c800000, 0x00000000d5580000)
  object space 466944K, 55% used [0x0000000080000000,0x000000008fcded98,0x000000009c800000)
 Metaspace       used 86636K, capacity 91126K, committed 94592K, reserved 1132544K
  class space    used 10722K, capacity 11410K, committed 12160K, reserved 1048576K
Event: 8226.754 GC heap after
Heap after GC invocations=34 (full 6):
 PSYoungGen      total 518656K, used 78600K [0x00000000d5580000, 0x0000000100000000, 0x0000000100000000)
  eden space 361984K, 0% used [0x00000000d5580000,0x00000000d5580000,0x00000000eb700000)
  from space 156672K, 50% used [0x00000000f6700000,0x00000000fb3c21a8,0x0000000100000000)
  to   space 168448K, 0% used [0x00000000eb700000,0x00000000eb700000,0x00000000f5b80000)
 ParOldGen       total 466944K, used 258947K [0x0000000080000000, 0x000000009c800000, 0x00000000d5580000)
  object space 466944K, 55% used [0x0000000080000000,0x000000008fce0d98,0x000000009c800000)
 Metaspace       used 86636K, capacity 91126K, committed 94592K, reserved 1132544K
  class space    used 10722K, capacity 11410K, committed 12160K, reserved 1048576K
}

