# JRE version: OpenJDK Runtime Environment (8.0_152-b01) (build 1.8.0_152-release-915-b01)
# Java VM: OpenJDK 64-Bit Server VM (25.152-b01 mixed mode windows-amd64 compressed oops)
Heap:
 PSYoungGen      total 503296K, used 214972K [0x00000000d5580000, 0x00000000fc280000, 0x0000000100000000)
  eden space 412672K, 52% used [0x00000000d5580000,0x00000000e276f1a0,0x00000000ee880000)
  from space 90624K, 0% used [0x00000000f4e80000,0x00000000f4e80000,0x00000000fa700000)
  to   space 104448K, 0% used [0x00000000ee880000,0x00000000ee880000,0x00000000f4e80000)
 ParOldGen       total 381440K, used 138671K [0x0000000080000000, 0x0000000097480000, 0x00000000d5580000)
  object space 381440K, 36% used [0x0000000080000000,0x000000008876bdd8,0x0000000097480000)
 Metaspace       used 44141K, capacity 44944K, committed 46464K, reserved 1089536K
  class space    used 5326K, capacity 5582K, committed 5760K, reserved 1048576K
GC Heap History (10 events):
Event: 253.075 GC heap before
{Heap before GC invocations=29 (full 6):
 PSYoungGen      total 433664K, used 334336K [0x00000000d5580000, 0x00000000f5b00000, 0x0000000100000000)
  eden space 334336K, 100% used [0x00000000d5580000,0x00000000e9c00000,0x00000000e9c00000)
  from space 99328K, 0% used [0x00000000ef980000,0x00000000ef980000,0x00000000f5a80000)
  to   space 95744K, 0% used [0x00000000e9c00000,0x00000000e9c00000,0x00000000ef980000)
 ParOldGen       total 381440K, used 126567K [0x0000000080000000, 0x0000000097480000, 0x00000000d5580000)
  object space 381440K, 33% used [0x0000000080000000,0x0000000087b99c78,0x0000000097480000)
 Metaspace       used 43982K, capacity 44890K, committed 45056K, reserved 1089536K
  class space    used 5342K, capacity 5601K, committed 5632K, reserved 1048576K
Event: 253.112 GC heap after
Heap after GC invocations=29 (full 6):
 PSYoungGen      total 430080K, used 33243K [0x00000000d5580000, 0x00000000fa700000, 0x0000000100000000)
  eden space 334336K, 0% used [0x00000000d5580000,0x00000000d5580000,0x00000000e9c00000)
  from space 95744K, 34% used [0x00000000e9c00000,0x00000000ebc76dc8,0x00000000ef980000)
  to   space 90624K, 0% used [0x00000000f4e80000,0x00000000f4e80000,0x00000000fa700000)
 ParOldGen       total 381440K, used 126575K [0x0000000080000000, 0x0000000097480000, 0x00000000d5580000)
  object space 381440K, 33% used [0x0000000080000000,0x0000000087b9bc78,0x0000000097480000)
 Metaspace       used 43982K, capacity 44890K, committed 45056K, reserved 1089536K
  class space    used 5342K, capacity 5601K, committed 5632K, reserved 1048576K
}
Event: 253.851 GC heap before
{Heap before GC invocations=30 (full 6):
 PSYoungGen      total 430080K, used 367579K [0x00000000d5580000, 0x00000000fa700000, 0x0000000100000000)
  eden space 334336K, 100% used [0x00000000d5580000,0x00000000e9c00000,0x00000000e9c00000)
  from space 95744K, 34% used [0x00000000e9c00000,0x00000000ebc76dc8,0x00000000ef980000)
  to   space 90624K, 0% used [0x00000000f4e80000,0x00000000f4e80000,0x00000000fa700000)
 ParOldGen       total 381440K, used 126575K [0x0000000080000000, 0x0000000097480000, 0x00000000d5580000)
  object space 381440K, 33% used [0x0000000080000000,0x0000000087b9bc78,0x0000000097480000)
 Metaspace       used 43995K, capacity 44890K, committed 45056K, reserved 1089536K
  class space    used 5342K, capacity 5601K, committed 5632K, reserved 1048576K
Event: 253.940 GC heap after
Heap after GC invocations=30 (full 6):
 PSYoungGen      total 503296K, used 88668K [0x00000000d5580000, 0x00000000fc280000, 0x0000000100000000)
  eden space 412672K, 0% used [0x00000000d5580000,0x00000000d5580000,0x00000000ee880000)
  from space 90624K, 97% used [0x00000000f4e80000,0x00000000fa517020,0x00000000fa700000)
  to   space 104448K, 0% used [0x00000000ee880000,0x00000000ee880000,0x00000000f4e80000)
 ParOldGen       total 381440K, used 158714K [0x0000000080000000, 0x0000000097480000, 0x00000000d5580000)
  object space 381440K, 41% used [0x0000000080000000,0x0000000089afea00,0x0000000097480000)
 Metaspace       used 43995K, capacity 44890K, committed 45056K, reserved 1089536K
  class space    used 5342K, capacity 5601K, committed 5632K, reserved 1048576K
}
Event: 1305.589 GC heap before
{Heap before GC invocations=31 (full 6):
 PSYoungGen      total 503296K, used 501340K [0x00000000d5580000, 0x00000000fc280000, 0x0000000100000000)
  eden space 412672K, 100% used [0x00000000d5580000,0x00000000ee880000,0x00000000ee880000)
  from space 90624K, 97% used [0x00000000f4e80000,0x00000000fa517020,0x00000000fa700000)
  to   space 104448K, 0% used [0x00000000ee880000,0x00000000ee880000,0x00000000f4e80000)
 ParOldGen       total 381440K, used 158714K [0x0000000080000000, 0x0000000097480000, 0x00000000d5580000)
  object space 381440K, 41% used [0x0000000080000000,0x0000000089afea00,0x0000000097480000)
 Metaspace       used 45060K, capacity 46062K, committed 46208K, reserved 1089536K
  class space    used 5415K, capacity 5727K, committed 5760K, reserved 1048576K
Event: 1305.754 GC heap after
Heap after GC invocations=31 (full 6):
 PSYoungGen      total 517120K, used 104418K [0x00000000d5580000, 0x00000000fc280000, 0x0000000100000000)
  eden space 412672K, 0% used [0x00000000d5580000,0x00000000d5580000,0x00000000ee880000)
  from space 104448K, 99% used [0x00000000ee880000,0x00000000f4e78898,0x00000000f4e80000)
  to   space 90624K, 0% used [0x00000000f4e80000,0x00000000f4e80000,0x00000000fa700000)
 ParOldGen       total 381440K, used 260228K [0x0000000080000000, 0x0000000097480000, 0x00000000d5580000)
  object space 381440K, 68% used [0x0000000080000000,0x000000008fe21210,0x0000000097480000)
 Metaspace       used 45060K, capacity 46062K, committed 46208K, reserved 1089536K
  class space    used 5415K, capacity 5727K, committed 5760K, reserved 1048576K
}
Event: 1306.202 GC heap before
{Heap before GC invocations=32 (full 6):
 PSYoungGen      total 517120K, used 517090K [0x00000000d5580000, 0x00000000fc280000, 0x0000000100000000)
  eden space 412672K, 100% used [0x00000000d5580000,0x00000000ee880000,0x00000000ee880000)
  from space 104448K, 99% used [0x00000000ee880000,0x00000000f4e78898,0x00000000f4e80000)
  to   space 90624K, 0% used [0x00000000f4e80000,0x00000000f4e80000,0x00000000fa700000)
 ParOldGen       total 381440K, used 260228K [0x0000000080000000, 0x0000000097480000, 0x00000000d5580000)
  object space 381440K, 68% used [0x0000000080000000,0x000000008fe21210,0x0000000097480000)
 Metaspace       used 45144K, capacity 46190K, committed 46464K, reserved 1089536K
  class space    used 5424K, capacity 5727K, committed 5760K, reserved 1048576K
Event: 1306.359 GC heap after
Heap after GC invocations=32 (full 6):
 PSYoungGen      total 503296K, used 38464K [0x00000000d5580000, 0x00000000fc280000, 0x0000000100000000)
  eden space 412672K, 0% used [0x00000000d5580000,0x00000000d5580000,0x00000000ee880000)
  from space 90624K, 42% used [0x00000000f4e80000,0x00000000f7410010,0x00000000fa700000)
  to   space 104448K, 0% used [0x00000000ee880000,0x00000000ee880000,0x00000000f4e80000)
 ParOldGen       total 381440K, used 364125K [0x0000000080000000, 0x0000000097480000, 0x00000000d5580000)
  object space 381440K, 95% used [0x0000000080000000,0x0000000096397648,0x0000000097480000)
 Metaspace       used 45144K, capacity 46190K, committed 46464K, reserved 1089536K
  class space    used 5424K, capacity 5727K, committed 5760K, reserved 1048576K
}
Event: 1306.359 GC heap before
{Heap before GC invocations=33 (full 7):
 PSYoungGen      total 503296K, used 38464K [0x00000000d5580000, 0x00000000fc280000, 0x0000000100000000)
  eden space 412672K, 0% used [0x00000000d5580000,0x00000000d5580000,0x00000000ee880000)
  from space 90624K, 42% used [0x00000000f4e80000,0x00000000f7410010,0x00000000fa700000)
  to   space 104448K, 0% used [0x00000000ee880000,0x00000000ee880000,0x00000000f4e80000)
 ParOldGen       total 381440K, used 364125K [0x0000000080000000, 0x0000000097480000, 0x00000000d5580000)
  object space 381440K, 95% used [0x0000000080000000,0x0000000096397648,0x0000000097480000)
 Metaspace       used 45144K, capacity 46190K, committed 46464K, reserved 1089536K
  class space    used 5424K, capacity 5727K, committed 5760K, reserved 1048576K
Event: 1306.904 GC heap after
Heap after GC invocations=33 (full 7):
 PSYoungGen      total 503296K, used 0K [0x00000000d5580000, 0x00000000fc280000, 0x0000000100000000)
  eden space 412672K, 0% used [0x00000000d5580000,0x00000000d5580000,0x00000000ee880000)
  from space 90624K, 0% used [0x00000000f4e80000,0x00000000f4e80000,0x00000000fa700000)
  to   space 104448K, 0% used [0x00000000ee880000,0x00000000ee880000,0x00000000f4e80000)
 ParOldGen       total 381440K, used 138671K [0x0000000080000000, 0x0000000097480000, 0x00000000d5580000)
  object space 381440K, 36% used [0x0000000080000000,0x000000008876bdd8,0x0000000097480000)
 Metaspace       used 43560K, capacity 44426K, committed 46464K, reserved 1089536K
  class space    used 5276K, capacity 5517K, committed 5760K, reserved 1048576K
}

