# JRE version: Java(TM) SE Runtime Environment (8.0_66-b18) (build 1.8.0_66-b18)
# Java VM: Java HotSpot(TM) 64-Bit Server VM (25.66-b18 mixed mode windows-amd64 compressed oops)
Heap:
 PSYoungGen      total 482304K, used 167451K [0x00000000d5580000, 0x00000000fae00000, 0x0000000100000000)
  eden space 398336K, 32% used [0x00000000d5580000,0x00000000dd3eef88,0x00000000eda80000)
  from space 83968K, 45% used [0x00000000eda80000,0x00000000eff97f58,0x00000000f2c80000)
  to   space 79872K, 0% used [0x00000000f6000000,0x00000000f6000000,0x00000000fae00000)
 ParOldGen       total 522752K, used 293424K [0x0000000080000000, 0x000000009fe80000, 0x00000000d5580000)
  object space 522752K, 56% used [0x0000000080000000,0x0000000091e8c000,0x000000009fe80000)
 Metaspace       used 104057K, capacity 111596K, committed 112024K, reserved 1146880K
  class space    used 12878K, capacity 14577K, committed 14760K, reserved 1048576K
GC Heap History (10 events):
Event: 5197.348 GC heap before
{Heap before GC invocations=87 (full 9):
 PSYoungGen      total 385536K, used 344056K [0x00000000d5580000, 0x00000000f5180000, 0x0000000100000000)
  eden space 296960K, 100% used [0x00000000d5580000,0x00000000e7780000,0x00000000e7780000)
  from space 88576K, 53% used [0x00000000e7780000,0x00000000ea57e308,0x00000000ece00000)
  to   space 87040K, 0% used [0x00000000efc80000,0x00000000efc80000,0x00000000f5180000)
 ParOldGen       total 388096K, used 287334K [0x0000000080000000, 0x0000000097b00000, 0x00000000d5580000)
  object space 388096K, 74% used [0x0000000080000000,0x00000000918999a0,0x0000000097b00000)
 Metaspace       used 103832K, capacity 111232K, committed 111640K, reserved 1146880K
  class space    used 12856K, capacity 14519K, committed 14632K, reserved 1048576K
Event: 5197.415 GC heap after
Heap after GC invocations=87 (full 9):
 PSYoungGen      total 433152K, used 51487K [0x00000000d5580000, 0x00000000f5580000, 0x0000000100000000)
  eden space 346112K, 0% used [0x00000000d5580000,0x00000000d5580000,0x00000000ea780000)
  from space 87040K, 59% used [0x00000000efc80000,0x00000000f2ec7c28,0x00000000f5180000)
  to   space 87040K, 0% used [0x00000000ea780000,0x00000000ea780000,0x00000000efc80000)
 ParOldGen       total 388096K, used 330659K [0x0000000080000000, 0x0000000097b00000, 0x00000000d5580000)
  object space 388096K, 85% used [0x0000000080000000,0x00000000942e8c08,0x0000000097b00000)
 Metaspace       used 103832K, capacity 111232K, committed 111640K, reserved 1146880K
  class space    used 12856K, capacity 14519K, committed 14632K, reserved 1048576K
}
Event: 5197.415 GC heap before
{Heap before GC invocations=88 (full 10):
 PSYoungGen      total 433152K, used 51487K [0x00000000d5580000, 0x00000000f5580000, 0x0000000100000000)
  eden space 346112K, 0% used [0x00000000d5580000,0x00000000d5580000,0x00000000ea780000)
  from space 87040K, 59% used [0x00000000efc80000,0x00000000f2ec7c28,0x00000000f5180000)
  to   space 87040K, 0% used [0x00000000ea780000,0x00000000ea780000,0x00000000efc80000)
 ParOldGen       total 388096K, used 330659K [0x0000000080000000, 0x0000000097b00000, 0x00000000d5580000)
  object space 388096K, 85% used [0x0000000080000000,0x00000000942e8c08,0x0000000097b00000)
 Metaspace       used 103832K, capacity 111232K, committed 111640K, reserved 1146880K
  class space    used 12856K, capacity 14519K, committed 14632K, reserved 1048576K
Event: 5198.017 GC heap after
Heap after GC invocations=88 (full 10):
 PSYoungGen      total 433152K, used 0K [0x00000000d5580000, 0x00000000f5580000, 0x0000000100000000)
  eden space 346112K, 0% used [0x00000000d5580000,0x00000000d5580000,0x00000000ea780000)
  from space 87040K, 0% used [0x00000000efc80000,0x00000000efc80000,0x00000000f5180000)
  to   space 87040K, 0% used [0x00000000ea780000,0x00000000ea780000,0x00000000efc80000)
 ParOldGen       total 522752K, used 259236K [0x0000000080000000, 0x000000009fe80000, 0x00000000d5580000)
  object space 522752K, 49% used [0x0000000080000000,0x000000008fd29300,0x000000009fe80000)
 Metaspace       used 103832K, capacity 111232K, committed 111640K, reserved 1146880K
  class space    used 12856K, capacity 14519K, committed 14632K, reserved 1048576K
}
Event: 5200.950 GC heap before
{Heap before GC invocations=89 (full 10):
 PSYoungGen      total 433152K, used 346112K [0x00000000d5580000, 0x00000000f5580000, 0x0000000100000000)
  eden space 346112K, 100% used [0x00000000d5580000,0x00000000ea780000,0x00000000ea780000)
  from space 87040K, 0% used [0x00000000efc80000,0x00000000efc80000,0x00000000f5180000)
  to   space 87040K, 0% used [0x00000000ea780000,0x00000000ea780000,0x00000000efc80000)
 ParOldGen       total 522752K, used 259236K [0x0000000080000000, 0x000000009fe80000, 0x00000000d5580000)
  object space 522752K, 49% used [0x0000000080000000,0x000000008fd29300,0x000000009fe80000)
 Metaspace       used 103880K, capacity 111328K, committed 111640K, reserved 1146880K
  class space    used 12865K, capacity 14535K, committed 14632K, reserved 1048576K
Event: 5200.961 GC heap after
Heap after GC invocations=89 (full 10):
 PSYoungGen      total 433152K, used 11266K [0x00000000d5580000, 0x00000000f8900000, 0x0000000100000000)
  eden space 346112K, 0% used [0x00000000d5580000,0x00000000d5580000,0x00000000ea780000)
  from space 87040K, 12% used [0x00000000ea780000,0x00000000eb280b60,0x00000000efc80000)
  to   space 87552K, 0% used [0x00000000f3380000,0x00000000f3380000,0x00000000f8900000)
 ParOldGen       total 522752K, used 259236K [0x0000000080000000, 0x000000009fe80000, 0x00000000d5580000)
  object space 522752K, 49% used [0x0000000080000000,0x000000008fd29300,0x000000009fe80000)
 Metaspace       used 103880K, capacity 111328K, committed 111640K, reserved 1146880K
  class space    used 12865K, capacity 14535K, committed 14632K, reserved 1048576K
}
Event: 5392.697 GC heap before
{Heap before GC invocations=90 (full 10):
 PSYoungGen      total 433152K, used 357378K [0x00000000d5580000, 0x00000000f8900000, 0x0000000100000000)
  eden space 346112K, 100% used [0x00000000d5580000,0x00000000ea780000,0x00000000ea780000)
  from space 87040K, 12% used [0x00000000ea780000,0x00000000eb280b60,0x00000000efc80000)
  to   space 87552K, 0% used [0x00000000f3380000,0x00000000f3380000,0x00000000f8900000)
 ParOldGen       total 522752K, used 259236K [0x0000000080000000, 0x000000009fe80000, 0x00000000d5580000)
  object space 522752K, 49% used [0x0000000080000000,0x000000008fd29300,0x000000009fe80000)
 Metaspace       used 104022K, capacity 111526K, committed 112024K, reserved 1146880K
  class space    used 12877K, capacity 14576K, committed 14760K, reserved 1048576K
Event: 5392.734 GC heap after
Heap after GC invocations=90 (full 10):
 PSYoungGen      total 475136K, used 27264K [0x00000000d5580000, 0x00000000f7e80000, 0x0000000100000000)
  eden space 398336K, 0% used [0x00000000d5580000,0x00000000d5580000,0x00000000eda80000)
  from space 76800K, 35% used [0x00000000f3380000,0x00000000f4e20070,0x00000000f7e80000)
  to   space 83968K, 0% used [0x00000000eda80000,0x00000000eda80000,0x00000000f2c80000)
 ParOldGen       total 522752K, used 266698K [0x0000000080000000, 0x000000009fe80000, 0x00000000d5580000)
  object space 522752K, 51% used [0x0000000080000000,0x0000000090472918,0x000000009fe80000)
 Metaspace       used 104022K, capacity 111526K, committed 112024K, reserved 1146880K
  class space    used 12877K, capacity 14576K, committed 14760K, reserved 1048576K
}
Event: 5420.675 GC heap before
{Heap before GC invocations=91 (full 10):
 PSYoungGen      total 475136K, used 425600K [0x00000000d5580000, 0x00000000f7e80000, 0x0000000100000000)
  eden space 398336K, 100% used [0x00000000d5580000,0x00000000eda80000,0x00000000eda80000)
  from space 76800K, 35% used [0x00000000f3380000,0x00000000f4e20070,0x00000000f7e80000)
  to   space 83968K, 0% used [0x00000000eda80000,0x00000000eda80000,0x00000000f2c80000)
 ParOldGen       total 522752K, used 266698K [0x0000000080000000, 0x000000009fe80000, 0x00000000d5580000)
  object space 522752K, 51% used [0x0000000080000000,0x0000000090472918,0x000000009fe80000)
 Metaspace       used 104045K, capacity 111532K, committed 112024K, reserved 1146880K
  class space    used 12877K, capacity 14577K, committed 14760K, reserved 1048576K
Event: 5420.747 GC heap after
Heap after GC invocations=91 (full 10):
 PSYoungGen      total 482304K, used 37983K [0x00000000d5580000, 0x00000000fae00000, 0x0000000100000000)
  eden space 398336K, 0% used [0x00000000d5580000,0x00000000d5580000,0x00000000eda80000)
  from space 83968K, 45% used [0x00000000eda80000,0x00000000eff97f58,0x00000000f2c80000)
  to   space 79872K, 0% used [0x00000000f6000000,0x00000000f6000000,0x00000000fae00000)
 ParOldGen       total 522752K, used 293424K [0x0000000080000000, 0x000000009fe80000, 0x00000000d5580000)
  object space 522752K, 56% used [0x0000000080000000,0x0000000091e8c000,0x000000009fe80000)
 Metaspace       used 104045K, capacity 111532K, committed 112024K, reserved 1146880K
  class space    used 12877K, capacity 14577K, committed 14760K, reserved 1048576K
}

