# JRE version: Java(TM) SE Runtime Environment (8.0_66-b18) (build 1.8.0_66-b18)
# Java VM: Java HotSpot(TM) 64-Bit Server VM (25.66-b18 mixed mode windows-amd64 compressed oops)
Heap:
 PSYoungGen      total 595456K, used 107968K [0x00000000d5580000, 0x0000000100000000, 0x0000000100000000)
  eden space 499200K, 9% used [0x00000000d5580000,0x00000000d82bf7a0,0x00000000f3d00000)
  from space 96256K, 64% used [0x00000000f3d00000,0x00000000f7930b40,0x00000000f9b00000)
  to   space 98304K, 0% used [0x00000000fa000000,0x00000000fa000000,0x0000000100000000)
 ParOldGen       total 331264K, used 213676K [0x0000000080000000, 0x0000000094380000, 0x00000000d5580000)
  object space 331264K, 64% used [0x0000000080000000,0x000000008d0ab220,0x0000000094380000)
 Metaspace       used 100105K, capacity 106660K, committed 106776K, reserved 1142784K
  class space    used 12646K, capacity 14083K, committed 14120K, reserved 1048576K
GC Heap History (10 events):
Event: 416.897 GC heap before
{Heap before GC invocations=39 (full 5):
 PSYoungGen      total 484864K, used 484839K [0x00000000d5580000, 0x00000000fed00000, 0x0000000100000000)
  eden space 409088K, 100% used [0x00000000d5580000,0x00000000ee500000,0x00000000ee500000)
  from space 75776K, 99% used [0x00000000ee500000,0x00000000f2ef9d10,0x00000000f2f00000)
  to   space 94720K, 0% used [0x00000000f9080000,0x00000000f9080000,0x00000000fed00000)
 ParOldGen       total 296960K, used 206111K [0x0000000080000000, 0x0000000092200000, 0x00000000d5580000)
  object space 296960K, 69% used [0x0000000080000000,0x000000008c947fa8,0x0000000092200000)
 Metaspace       used 99976K, capacity 106520K, committed 106776K, reserved 1142784K
  class space    used 12641K, capacity 14081K, committed 14120K, reserved 1048576K
Event: 417.010 GC heap after
Heap after GC invocations=39 (full 5):
 PSYoungGen      total 576512K, used 74642K [0x00000000d5580000, 0x0000000100000000, 0x0000000100000000)
  eden space 481792K, 0% used [0x00000000d5580000,0x00000000d5580000,0x00000000f2c00000)
  from space 94720K, 78% used [0x00000000f9080000,0x00000000fd9649f0,0x00000000fed00000)
  to   space 102912K, 0% used [0x00000000f2c00000,0x00000000f2c00000,0x00000000f9080000)
 ParOldGen       total 296960K, used 250967K [0x0000000080000000, 0x0000000092200000, 0x00000000d5580000)
  object space 296960K, 84% used [0x0000000080000000,0x000000008f515e10,0x0000000092200000)
 Metaspace       used 99976K, capacity 106520K, committed 106776K, reserved 1142784K
  class space    used 12641K, capacity 14081K, committed 14120K, reserved 1048576K
}
Event: 418.659 GC heap before
{Heap before GC invocations=40 (full 5):
 PSYoungGen      total 576512K, used 556434K [0x00000000d5580000, 0x0000000100000000, 0x0000000100000000)
  eden space 481792K, 100% used [0x00000000d5580000,0x00000000f2c00000,0x00000000f2c00000)
  from space 94720K, 78% used [0x00000000f9080000,0x00000000fd9649f0,0x00000000fed00000)
  to   space 102912K, 0% used [0x00000000f2c00000,0x00000000f2c00000,0x00000000f9080000)
 ParOldGen       total 296960K, used 250967K [0x0000000080000000, 0x0000000092200000, 0x00000000d5580000)
  object space 296960K, 84% used [0x0000000080000000,0x000000008f515e10,0x0000000092200000)
 Metaspace       used 100049K, capacity 106648K, committed 106776K, reserved 1142784K
  class space    used 12645K, capacity 14081K, committed 14120K, reserved 1048576K
Event: 418.731 GC heap after
Heap after GC invocations=40 (full 5):
 PSYoungGen      total 584704K, used 40880K [0x00000000d5580000, 0x00000000ffc00000, 0x0000000100000000)
  eden space 481792K, 0% used [0x00000000d5580000,0x00000000d5580000,0x00000000f2c00000)
  from space 102912K, 39% used [0x00000000f2c00000,0x00000000f53ec028,0x00000000f9080000)
  to   space 96768K, 0% used [0x00000000f9d80000,0x00000000f9d80000,0x00000000ffc00000)
 ParOldGen       total 296960K, used 293386K [0x0000000080000000, 0x0000000092200000, 0x00000000d5580000)
  object space 296960K, 98% used [0x0000000080000000,0x0000000091e82ba8,0x0000000092200000)
 Metaspace       used 100049K, capacity 106648K, committed 106776K, reserved 1142784K
  class space    used 12645K, capacity 14081K, committed 14120K, reserved 1048576K
}
Event: 418.731 GC heap before
{Heap before GC invocations=41 (full 6):
 PSYoungGen      total 584704K, used 40880K [0x00000000d5580000, 0x00000000ffc00000, 0x0000000100000000)
  eden space 481792K, 0% used [0x00000000d5580000,0x00000000d5580000,0x00000000f2c00000)
  from space 102912K, 39% used [0x00000000f2c00000,0x00000000f53ec028,0x00000000f9080000)
  to   space 96768K, 0% used [0x00000000f9d80000,0x00000000f9d80000,0x00000000ffc00000)
 ParOldGen       total 296960K, used 293386K [0x0000000080000000, 0x0000000092200000, 0x00000000d5580000)
  object space 296960K, 98% used [0x0000000080000000,0x0000000091e82ba8,0x0000000092200000)
 Metaspace       used 100049K, capacity 106648K, committed 106776K, reserved 1142784K
  class space    used 12645K, capacity 14081K, committed 14120K, reserved 1048576K
Event: 419.122 GC heap after
Heap after GC invocations=41 (full 6):
 PSYoungGen      total 584704K, used 0K [0x00000000d5580000, 0x00000000ffc00000, 0x0000000100000000)
  eden space 481792K, 0% used [0x00000000d5580000,0x00000000d5580000,0x00000000f2c00000)
  from space 102912K, 0% used [0x00000000f2c00000,0x00000000f2c00000,0x00000000f9080000)
  to   space 96768K, 0% used [0x00000000f9d80000,0x00000000f9d80000,0x00000000ffc00000)
 ParOldGen       total 331264K, used 194418K [0x0000000080000000, 0x0000000094380000, 0x00000000d5580000)
  object space 331264K, 58% used [0x0000000080000000,0x000000008bddc820,0x0000000094380000)
 Metaspace       used 100049K, capacity 106648K, committed 106776K, reserved 1142784K
  class space    used 12645K, capacity 14081K, committed 14120K, reserved 1048576K
}
Event: 419.884 GC heap before
{Heap before GC invocations=42 (full 6):
 PSYoungGen      total 584704K, used 481792K [0x00000000d5580000, 0x00000000ffc00000, 0x0000000100000000)
  eden space 481792K, 100% used [0x00000000d5580000,0x00000000f2c00000,0x00000000f2c00000)
  from space 102912K, 0% used [0x00000000f2c00000,0x00000000f2c00000,0x00000000f9080000)
  to   space 96768K, 0% used [0x00000000f9d80000,0x00000000f9d80000,0x00000000ffc00000)
 ParOldGen       total 331264K, used 194418K [0x0000000080000000, 0x0000000094380000, 0x00000000d5580000)
  object space 331264K, 58% used [0x0000000080000000,0x000000008bddc820,0x0000000094380000)
 Metaspace       used 100078K, capacity 106648K, committed 106776K, reserved 1142784K
  class space    used 12645K, capacity 14081K, committed 14120K, reserved 1048576K
Event: 419.946 GC heap after
Heap after GC invocations=42 (full 6):
 PSYoungGen      total 592896K, used 54651K [0x00000000d5580000, 0x00000000ff900000, 0x0000000100000000)
  eden space 499200K, 0% used [0x00000000d5580000,0x00000000d5580000,0x00000000f3d00000)
  from space 93696K, 58% used [0x00000000f9d80000,0x00000000fd2defc0,0x00000000ff900000)
  to   space 96256K, 0% used [0x00000000f3d00000,0x00000000f3d00000,0x00000000f9b00000)
 ParOldGen       total 331264K, used 194426K [0x0000000080000000, 0x0000000094380000, 0x00000000d5580000)
  object space 331264K, 58% used [0x0000000080000000,0x000000008bdde820,0x0000000094380000)
 Metaspace       used 100078K, capacity 106648K, committed 106776K, reserved 1142784K
  class space    used 12645K, capacity 14081K, committed 14120K, reserved 1048576K
}
Event: 421.130 GC heap before
{Heap before GC invocations=43 (full 6):
 PSYoungGen      total 592896K, used 553851K [0x00000000d5580000, 0x00000000ff900000, 0x0000000100000000)
  eden space 499200K, 100% used [0x00000000d5580000,0x00000000f3d00000,0x00000000f3d00000)
  from space 93696K, 58% used [0x00000000f9d80000,0x00000000fd2defc0,0x00000000ff900000)
  to   space 96256K, 0% used [0x00000000f3d00000,0x00000000f3d00000,0x00000000f9b00000)
 ParOldGen       total 331264K, used 194426K [0x0000000080000000, 0x0000000094380000, 0x00000000d5580000)
  object space 331264K, 58% used [0x0000000080000000,0x000000008bdde820,0x0000000094380000)
 Metaspace       used 100105K, capacity 106660K, committed 106776K, reserved 1142784K
  class space    used 12646K, capacity 14083K, committed 14120K, reserved 1048576K
Event: 421.195 GC heap after
Heap after GC invocations=43 (full 6):
 PSYoungGen      total 595456K, used 61634K [0x00000000d5580000, 0x0000000100000000, 0x0000000100000000)
  eden space 499200K, 0% used [0x00000000d5580000,0x00000000d5580000,0x00000000f3d00000)
  from space 96256K, 64% used [0x00000000f3d00000,0x00000000f7930b40,0x00000000f9b00000)
  to   space 98304K, 0% used [0x00000000fa000000,0x00000000fa000000,0x0000000100000000)
 ParOldGen       total 331264K, used 213676K [0x0000000080000000, 0x0000000094380000, 0x00000000d5580000)
  object space 331264K, 64% used [0x0000000080000000,0x000000008d0ab220,0x0000000094380000)
 Metaspace       used 100105K, capacity 106660K, committed 106776K, reserved 1142784K
  class space    used 12646K, capacity 14083K, committed 14120K, reserved 1048576K
}

