# JRE version: OpenJDK Runtime Environment (8.0_152-b01) (build 1.8.0_152-release-915-b01)
# Java VM: OpenJDK 64-Bit Server VM (25.152-b01 mixed mode windows-amd64 compressed oops)
Heap:
 PSYoungGen      total 115712K, used 13966K [0x00000000d5580000, 0x00000000dd400000, 0x0000000100000000)
  eden space 105472K, 3% used [0x00000000d5580000,0x00000000d5926828,0x00000000dbc80000)
  from space 10240K, 99% used [0x00000000dc800000,0x00000000dd1fd2c8,0x00000000dd200000)
  to   space 11776K, 61% used [0x00000000dbc80000,0x00000000dc389040,0x00000000dc800000)
 ParOldGen       total 65024K, used 11590K [0x0000000080000000, 0x0000000083f80000, 0x00000000d5580000)
  object space 65024K, 17% used [0x0000000080000000,0x0000000080b51be8,0x0000000083f80000)
 Metaspace       used 32271K, capacity 33068K, committed 33280K, reserved 1081344K
  class space    used 4466K, capacity 4765K, committed 4864K, reserved 1048576K
GC Heap History (10 events):
Event: 1.463 GC heap after
Heap after GC invocations=3 (full 0):
 PSYoungGen      total 38400K, used 5112K [0x00000000d5580000, 0x00000000da080000, 0x0000000100000000)
  eden space 33280K, 0% used [0x00000000d5580000,0x00000000d5580000,0x00000000d7600000)
  from space 5120K, 99% used [0x00000000d7600000,0x00000000d7afe050,0x00000000d7b00000)
  to   space 5120K, 0% used [0x00000000d9b80000,0x00000000d9b80000,0x00000000da080000)
 ParOldGen       total 87552K, used 4403K [0x0000000080000000, 0x0000000085580000, 0x00000000d5580000)
  object space 87552K, 5% used [0x0000000080000000,0x000000008044cda0,0x0000000085580000)
 Metaspace       used 16051K, capacity 16432K, committed 16512K, reserved 1062912K
  class space    used 2262K, capacity 2380K, committed 2432K, reserved 1048576K
}
Event: 2.029 GC heap before
{Heap before GC invocations=4 (full 0):
 PSYoungGen      total 38400K, used 29397K [0x00000000d5580000, 0x00000000da080000, 0x0000000100000000)
  eden space 33280K, 72% used [0x00000000d5580000,0x00000000d6d376f0,0x00000000d7600000)
  from space 5120K, 99% used [0x00000000d7600000,0x00000000d7afe050,0x00000000d7b00000)
  to   space 5120K, 0% used [0x00000000d9b80000,0x00000000d9b80000,0x00000000da080000)
 ParOldGen       total 87552K, used 4403K [0x0000000080000000, 0x0000000085580000, 0x00000000d5580000)
  object space 87552K, 5% used [0x0000000080000000,0x000000008044cda0,0x0000000085580000)
 Metaspace       used 20635K, capacity 21092K, committed 21248K, reserved 1067008K
  class space    used 2846K, capacity 3007K, committed 3072K, reserved 1048576K
Event: 2.039 GC heap after
Heap after GC invocations=4 (full 0):
 PSYoungGen      total 71680K, used 5104K [0x00000000d5580000, 0x00000000da080000, 0x0000000100000000)
  eden space 66560K, 0% used [0x00000000d5580000,0x00000000d5580000,0x00000000d9680000)
  from space 5120K, 99% used [0x00000000d9b80000,0x00000000da07c320,0x00000000da080000)
  to   space 5120K, 0% used [0x00000000d9680000,0x00000000d9680000,0x00000000d9b80000)
 ParOldGen       total 87552K, used 8240K [0x0000000080000000, 0x0000000085580000, 0x00000000d5580000)
  object space 87552K, 9% used [0x0000000080000000,0x000000008080c0c8,0x0000000085580000)
 Metaspace       used 20635K, capacity 21092K, committed 21248K, reserved 1067008K
  class space    used 2846K, capacity 3007K, committed 3072K, reserved 1048576K
}
Event: 2.039 GC heap before
{Heap before GC invocations=5 (full 1):
 PSYoungGen      total 71680K, used 5104K [0x00000000d5580000, 0x00000000da080000, 0x0000000100000000)
  eden space 66560K, 0% used [0x00000000d5580000,0x00000000d5580000,0x00000000d9680000)
  from space 5120K, 99% used [0x00000000d9b80000,0x00000000da07c320,0x00000000da080000)
  to   space 5120K, 0% used [0x00000000d9680000,0x00000000d9680000,0x00000000d9b80000)
 ParOldGen       total 87552K, used 8240K [0x0000000080000000, 0x0000000085580000, 0x00000000d5580000)
  object space 87552K, 9% used [0x0000000080000000,0x000000008080c0c8,0x0000000085580000)
 Metaspace       used 20635K, capacity 21092K, committed 21248K, reserved 1067008K
  class space    used 2846K, capacity 3007K, committed 3072K, reserved 1048576K
Event: 2.068 GC heap after
Heap after GC invocations=5 (full 1):
 PSYoungGen      total 71680K, used 0K [0x00000000d5580000, 0x00000000da080000, 0x0000000100000000)
  eden space 66560K, 0% used [0x00000000d5580000,0x00000000d5580000,0x00000000d9680000)
  from space 5120K, 0% used [0x00000000d9b80000,0x00000000d9b80000,0x00000000da080000)
  to   space 5120K, 0% used [0x00000000d9680000,0x00000000d9680000,0x00000000d9b80000)
 ParOldGen       total 65024K, used 8740K [0x0000000080000000, 0x0000000083f80000, 0x00000000d5580000)
  object space 65024K, 13% used [0x0000000080000000,0x00000000808893e8,0x0000000083f80000)
 Metaspace       used 20635K, capacity 21092K, committed 21248K, reserved 1067008K
  class space    used 2846K, capacity 3007K, committed 3072K, reserved 1048576K
}
Event: 2.687 GC heap before
{Heap before GC invocations=6 (full 1):
 PSYoungGen      total 71680K, used 66560K [0x00000000d5580000, 0x00000000da080000, 0x0000000100000000)
  eden space 66560K, 100% used [0x00000000d5580000,0x00000000d9680000,0x00000000d9680000)
  from space 5120K, 0% used [0x00000000d9b80000,0x00000000d9b80000,0x00000000da080000)
  to   space 5120K, 0% used [0x00000000d9680000,0x00000000d9680000,0x00000000d9b80000)
 ParOldGen       total 65024K, used 8740K [0x0000000080000000, 0x0000000083f80000, 0x00000000d5580000)
  object space 65024K, 13% used [0x0000000080000000,0x00000000808893e8,0x0000000083f80000)
 Metaspace       used 26180K, capacity 26670K, committed 26880K, reserved 1073152K
  class space    used 3554K, capacity 3750K, committed 3840K, reserved 1048576K
Event: 2.716 GC heap after
Heap after GC invocations=6 (full 1):
 PSYoungGen      total 71680K, used 5097K [0x00000000d5580000, 0x00000000dd200000, 0x0000000100000000)
  eden space 66560K, 0% used [0x00000000d5580000,0x00000000d5580000,0x00000000d9680000)
  from space 5120K, 99% used [0x00000000d9680000,0x00000000d9b7a7b8,0x00000000d9b80000)
  to   space 10240K, 0% used [0x00000000dc800000,0x00000000dc800000,0x00000000dd200000)
 ParOldGen       total 65024K, used 10565K [0x0000000080000000, 0x0000000083f80000, 0x00000000d5580000)
  object space 65024K, 16% used [0x0000000080000000,0x0000000080a515a8,0x0000000083f80000)
 Metaspace       used 26180K, capacity 26670K, committed 26880K, reserved 1073152K
  class space    used 3554K, capacity 3750K, committed 3840K, reserved 1048576K
}
Event: 3.569 GC heap before
{Heap before GC invocations=7 (full 1):
 PSYoungGen      total 71680K, used 71657K [0x00000000d5580000, 0x00000000dd200000, 0x0000000100000000)
  eden space 66560K, 100% used [0x00000000d5580000,0x00000000d9680000,0x00000000d9680000)
  from space 5120K, 99% used [0x00000000d9680000,0x00000000d9b7a7b8,0x00000000d9b80000)
  to   space 10240K, 0% used [0x00000000dc800000,0x00000000dc800000,0x00000000dd200000)
 ParOldGen       total 65024K, used 10565K [0x0000000080000000, 0x0000000083f80000, 0x00000000d5580000)
  object space 65024K, 16% used [0x0000000080000000,0x0000000080a515a8,0x0000000083f80000)
 Metaspace       used 32180K, capacity 32992K, committed 33280K, reserved 1077248K
  class space    used 4457K, capacity 4763K, committed 4864K, reserved 1048576K
Event: 3.584 GC heap after
Heap after GC invocations=7 (full 1):
 PSYoungGen      total 115712K, used 10228K [0x00000000d5580000, 0x00000000dd400000, 0x0000000100000000)
  eden space 105472K, 0% used [0x00000000d5580000,0x00000000d5580000,0x00000000dbc80000)
  from space 10240K, 99% used [0x00000000dc800000,0x00000000dd1fd2c8,0x00000000dd200000)
  to   space 11776K, 0% used [0x00000000dbc80000,0x00000000dbc80000,0x00000000dc800000)
 ParOldGen       total 65024K, used 11582K [0x0000000080000000, 0x0000000083f80000, 0x00000000d5580000)
  object space 65024K, 17% used [0x0000000080000000,0x0000000080b4fbe8,0x0000000083f80000)
 Metaspace       used 32180K, capacity 32992K, committed 33280K, reserved 1077248K
  class space    used 4457K, capacity 4763K, committed 4864K, reserved 1048576K
}
Event: 3.602 GC heap before
{Heap before GC invocations=8 (full 1):
 PSYoungGen      total 115712K, used 13966K [0x00000000d5580000, 0x00000000dd400000, 0x0000000100000000)
  eden space 105472K, 3% used [0x00000000d5580000,0x00000000d5926828,0x00000000dbc80000)
  from space 10240K, 99% used [0x00000000dc800000,0x00000000dd1fd2c8,0x00000000dd200000)
  to   space 11776K, 0% used [0x00000000dbc80000,0x00000000dbc80000,0x00000000dc800000)
 ParOldGen       total 65024K, used 11582K [0x0000000080000000, 0x0000000083f80000, 0x00000000d5580000)
  object space 65024K, 17% used [0x0000000080000000,0x0000000080b4fbe8,0x0000000083f80000)
 Metaspace       used 32271K, capacity 33068K, committed 33280K, reserved 1081344K
  class space    used 4466K, capacity 4765K, committed 4864K, reserved 1048576K

