# JRE version: OpenJDK Runtime Environment (8.0_152-b01) (build 1.8.0_152-release-915-b01)
# Java VM: OpenJDK 64-Bit Server VM (25.152-b01 mixed mode windows-amd64 compressed oops)
Heap:
 PSYoungGen      total 146944K, used 111484K [0x00000000d5580000, 0x00000000e2f80000, 0x0000000100000000)
  eden space 80896K, 100% used [0x00000000d5580000,0x00000000da480000,0x00000000da480000)
  from space 66048K, 46% used [0x00000000da480000,0x00000000dc25f108,0x00000000de500000)
  to   space 60416K, 23% used [0x00000000de500000,0x00000000df2d8010,0x00000000e2000000)
 ParOldGen       total 142848K, used 113621K [0x0000000080000000, 0x0000000088b80000, 0x00000000d5580000)
  object space 142848K, 79% used [0x0000000080000000,0x0000000086ef56c8,0x0000000088b80000)
 Metaspace       used 40172K, capacity 40894K, committed 41344K, reserved 1085440K
  class space    used 4987K, capacity 5185K, committed 5248K, reserved 1048576K
GC Heap History (10 events):
Event: 26.707 GC heap after
Heap after GC invocations=13 (full 4):
 PSYoungGen      total 85504K, used 35307K [0x00000000d5580000, 0x00000000df800000, 0x0000000100000000)
  eden space 50176K, 0% used [0x00000000d5580000,0x00000000d5580000,0x00000000d8680000)
  from space 35328K, 99% used [0x00000000d8680000,0x00000000da8faf00,0x00000000da900000)
  to   space 46592K, 0% used [0x00000000dca80000,0x00000000dca80000,0x00000000df800000)
 ParOldGen       total 142848K, used 59392K [0x0000000080000000, 0x0000000088b80000, 0x00000000d5580000)
  object space 142848K, 41% used [0x0000000080000000,0x0000000083a00048,0x0000000088b80000)
 Metaspace       used 39226K, capacity 39806K, committed 40320K, reserved 1085440K
  class space    used 4938K, capacity 5121K, committed 5248K, reserved 1048576K
}
Event: 27.386 GC heap before
{Heap before GC invocations=14 (full 4):
 PSYoungGen      total 85504K, used 85483K [0x00000000d5580000, 0x00000000df800000, 0x0000000100000000)
  eden space 50176K, 100% used [0x00000000d5580000,0x00000000d8680000,0x00000000d8680000)
  from space 35328K, 99% used [0x00000000d8680000,0x00000000da8faf00,0x00000000da900000)
  to   space 46592K, 0% used [0x00000000dca80000,0x00000000dca80000,0x00000000df800000)
 ParOldGen       total 142848K, used 59392K [0x0000000080000000, 0x0000000088b80000, 0x00000000d5580000)
  object space 142848K, 41% used [0x0000000080000000,0x0000000083a00048,0x0000000088b80000)
 Metaspace       used 39379K, capacity 39934K, committed 40320K, reserved 1085440K
  class space    used 4940K, capacity 5121K, committed 5248K, reserved 1048576K
Event: 27.447 GC heap after
Heap after GC invocations=14 (full 4):
 PSYoungGen      total 112128K, used 45341K [0x00000000d5580000, 0x00000000dfe80000, 0x0000000100000000)
  eden space 65536K, 0% used [0x00000000d5580000,0x00000000d5580000,0x00000000d9580000)
  from space 46592K, 97% used [0x00000000dca80000,0x00000000df6c77a8,0x00000000df800000)
  to   space 53760K, 0% used [0x00000000d9580000,0x00000000d9580000,0x00000000dca00000)
 ParOldGen       total 142848K, used 63765K [0x0000000080000000, 0x0000000088b80000, 0x00000000d5580000)
  object space 142848K, 44% used [0x0000000080000000,0x0000000083e455d0,0x0000000088b80000)
 Metaspace       used 39379K, capacity 39934K, committed 40320K, reserved 1085440K
  class space    used 4940K, capacity 5121K, committed 5248K, reserved 1048576K
}
Event: 27.831 GC heap before
{Heap before GC invocations=15 (full 4):
 PSYoungGen      total 112128K, used 110877K [0x00000000d5580000, 0x00000000dfe80000, 0x0000000100000000)
  eden space 65536K, 100% used [0x00000000d5580000,0x00000000d9580000,0x00000000d9580000)
  from space 46592K, 97% used [0x00000000dca80000,0x00000000df6c77a8,0x00000000df800000)
  to   space 53760K, 0% used [0x00000000d9580000,0x00000000d9580000,0x00000000dca00000)
 ParOldGen       total 142848K, used 63765K [0x0000000080000000, 0x0000000088b80000, 0x00000000d5580000)
  object space 142848K, 44% used [0x0000000080000000,0x0000000083e455d0,0x0000000088b80000)
 Metaspace       used 40048K, capacity 40702K, committed 41088K, reserved 1085440K
  class space    used 4984K, capacity 5185K, committed 5248K, reserved 1048576K
Event: 27.863 GC heap after
Heap after GC invocations=15 (full 4):
 PSYoungGen      total 119296K, used 49208K [0x00000000d5580000, 0x00000000e2000000, 0x0000000100000000)
  eden space 65536K, 0% used [0x00000000d5580000,0x00000000d5580000,0x00000000d9580000)
  from space 53760K, 91% used [0x00000000d9580000,0x00000000dc58e1d8,0x00000000dca00000)
  to   space 60416K, 0% used [0x00000000de500000,0x00000000de500000,0x00000000e2000000)
 ParOldGen       total 142848K, used 64389K [0x0000000080000000, 0x0000000088b80000, 0x00000000d5580000)
  object space 142848K, 45% used [0x0000000080000000,0x0000000083ee15e0,0x0000000088b80000)
 Metaspace       used 40048K, capacity 40702K, committed 41088K, reserved 1085440K
  class space    used 4984K, capacity 5185K, committed 5248K, reserved 1048576K
}
Event: 28.077 GC heap before
{Heap before GC invocations=16 (full 4):
 PSYoungGen      total 119296K, used 114744K [0x00000000d5580000, 0x00000000e2000000, 0x0000000100000000)
  eden space 65536K, 100% used [0x00000000d5580000,0x00000000d9580000,0x00000000d9580000)
  from space 53760K, 91% used [0x00000000d9580000,0x00000000dc58e1d8,0x00000000dca00000)
  to   space 60416K, 0% used [0x00000000de500000,0x00000000de500000,0x00000000e2000000)
 ParOldGen       total 142848K, used 64389K [0x0000000080000000, 0x0000000088b80000, 0x00000000d5580000)
  object space 142848K, 45% used [0x0000000080000000,0x0000000083ee15e0,0x0000000088b80000)
 Metaspace       used 40162K, capacity 40830K, committed 41088K, reserved 1085440K
  class space    used 4987K, capacity 5185K, committed 5248K, reserved 1048576K
Event: 28.136 GC heap after
Heap after GC invocations=16 (full 4):
 PSYoungGen      total 141312K, used 49021K [0x00000000d5580000, 0x00000000e2f80000, 0x0000000100000000)
  eden space 80896K, 0% used [0x00000000d5580000,0x00000000d5580000,0x00000000da480000)
  from space 60416K, 81% used [0x00000000de500000,0x00000000e14df5a8,0x00000000e2000000)
  to   space 66048K, 0% used [0x00000000da480000,0x00000000da480000,0x00000000de500000)
 ParOldGen       total 142848K, used 68203K [0x0000000080000000, 0x0000000088b80000, 0x00000000d5580000)
  object space 142848K, 47% used [0x0000000080000000,0x000000008429af10,0x0000000088b80000)
 Metaspace       used 40162K, capacity 40830K, committed 41088K, reserved 1085440K
  class space    used 4987K, capacity 5185K, committed 5248K, reserved 1048576K
}
Event: 28.218 GC heap before
{Heap before GC invocations=17 (full 4):
 PSYoungGen      total 141312K, used 129917K [0x00000000d5580000, 0x00000000e2f80000, 0x0000000100000000)
  eden space 80896K, 100% used [0x00000000d5580000,0x00000000da480000,0x00000000da480000)
  from space 60416K, 81% used [0x00000000de500000,0x00000000e14df5a8,0x00000000e2000000)
  to   space 66048K, 0% used [0x00000000da480000,0x00000000da480000,0x00000000de500000)
 ParOldGen       total 142848K, used 68203K [0x0000000080000000, 0x0000000088b80000, 0x00000000d5580000)
  object space 142848K, 47% used [0x0000000080000000,0x000000008429af10,0x0000000088b80000)
 Metaspace       used 40171K, capacity 40894K, committed 41344K, reserved 1085440K
  class space    used 4987K, capacity 5185K, committed 5248K, reserved 1048576K
Event: 28.268 GC heap after
Heap after GC invocations=17 (full 4):
 PSYoungGen      total 146944K, used 30588K [0x00000000d5580000, 0x00000000e2f80000, 0x0000000100000000)
  eden space 80896K, 0% used [0x00000000d5580000,0x00000000d5580000,0x00000000da480000)
  from space 66048K, 46% used [0x00000000da480000,0x00000000dc25f108,0x00000000de500000)
  to   space 60416K, 0% used [0x00000000de500000,0x00000000de500000,0x00000000e2000000)
 ParOldGen       total 142848K, used 94675K [0x0000000080000000, 0x0000000088b80000, 0x00000000d5580000)
  object space 142848K, 66% used [0x0000000080000000,0x0000000085c74c08,0x0000000088b80000)
 Metaspace       used 40171K, capacity 40894K, committed 41344K, reserved 1085440K
  class space    used 4987K, capacity 5185K, committed 5248K, reserved 1048576K
}
Event: 28.343 GC heap before
{Heap before GC invocations=18 (full 4):
 PSYoungGen      total 146944K, used 111484K [0x00000000d5580000, 0x00000000e2f80000, 0x0000000100000000)
  eden space 80896K, 100% used [0x00000000d5580000,0x00000000da480000,0x00000000da480000)
  from space 66048K, 46% used [0x00000000da480000,0x00000000dc25f108,0x00000000de500000)
  to   space 60416K, 0% used [0x00000000de500000,0x00000000de500000,0x00000000e2000000)
 ParOldGen       total 142848K, used 94675K [0x0000000080000000, 0x0000000088b80000, 0x00000000d5580000)
  object space 142848K, 66% used [0x0000000080000000,0x0000000085c74c08,0x0000000088b80000)
 Metaspace       used 40172K, capacity 40894K, committed 41344K, reserved 1085440K
  class space    used 4987K, capacity 5185K, committed 5248K, reserved 1048576K

