# JRE version: Java(TM) SE Runtime Environment (8.0_66-b18) (build 1.8.0_66-b18)
# Java VM: Java HotSpot(TM) 64-Bit Server VM (25.66-b18 mixed mode windows-amd64 compressed oops)
Heap:
 PSYoungGen      total 584192K, used 302027K [0x00000000d5580000, 0x0000000100000000, 0x0000000100000000)
  eden space 505344K, 44% used [0x00000000d5580000,0x00000000e2f8dc70,0x00000000f4300000)
  from space 78848K, 99% used [0x00000000f4300000,0x00000000f8fe51f0,0x00000000f9000000)
  to   space 103936K, 0% used [0x00000000f9a80000,0x00000000f9a80000,0x0000000100000000)
 ParOldGen       total 527872K, used 441669K [0x0000000080000000, 0x00000000a0380000, 0x00000000d5580000)
  object space 527872K, 83% used [0x0000000080000000,0x000000009af51490,0x00000000a0380000)
 Metaspace       used 109535K, capacity 117588K, committed 117912K, reserved 1150976K
  class space    used 13609K, capacity 15445K, committed 15528K, reserved 1048576K
GC Heap History (10 events):
Event: 3622.356 GC heap before
{Heap before GC invocations=70 (full 7):
 PSYoungGen      total 586752K, used 503548K [0x00000000d5580000, 0x00000000ffb00000, 0x0000000100000000)
  eden space 484864K, 100% used [0x00000000d5580000,0x00000000f2f00000,0x00000000f2f00000)
  from space 101888K, 18% used [0x00000000f9780000,0x00000000fa9bf380,0x00000000ffb00000)
  to   space 104448K, 0% used [0x00000000f2f00000,0x00000000f2f00000,0x00000000f9500000)
 ParOldGen       total 527872K, used 349304K [0x0000000080000000, 0x00000000a0380000, 0x00000000d5580000)
  object space 527872K, 66% used [0x0000000080000000,0x000000009551e190,0x00000000a0380000)
 Metaspace       used 108246K, capacity 116128K, committed 116504K, reserved 1150976K
  class space    used 13478K, capacity 15295K, committed 15400K, reserved 1048576K
Event: 3622.401 GC heap after
Heap after GC invocations=70 (full 7):
 PSYoungGen      total 589312K, used 43929K [0x00000000d5580000, 0x00000000ff980000, 0x0000000100000000)
  eden space 484864K, 0% used [0x00000000d5580000,0x00000000d5580000,0x00000000f2f00000)
  from space 104448K, 42% used [0x00000000f2f00000,0x00000000f59e6590,0x00000000f9500000)
  to   space 99840K, 0% used [0x00000000f9800000,0x00000000f9800000,0x00000000ff980000)
 ParOldGen       total 527872K, used 361550K [0x0000000080000000, 0x00000000a0380000, 0x00000000d5580000)
  object space 527872K, 68% used [0x0000000080000000,0x00000000961138c0,0x00000000a0380000)
 Metaspace       used 108246K, capacity 116128K, committed 116504K, reserved 1150976K
  class space    used 13478K, capacity 15295K, committed 15400K, reserved 1048576K
}
Event: 3761.838 GC heap before
{Heap before GC invocations=71 (full 7):
 PSYoungGen      total 589312K, used 528793K [0x00000000d5580000, 0x00000000ff980000, 0x0000000100000000)
  eden space 484864K, 100% used [0x00000000d5580000,0x00000000f2f00000,0x00000000f2f00000)
  from space 104448K, 42% used [0x00000000f2f00000,0x00000000f59e6590,0x00000000f9500000)
  to   space 99840K, 0% used [0x00000000f9800000,0x00000000f9800000,0x00000000ff980000)
 ParOldGen       total 527872K, used 361550K [0x0000000080000000, 0x00000000a0380000, 0x00000000d5580000)
  object space 527872K, 68% used [0x0000000080000000,0x00000000961138c0,0x00000000a0380000)
 Metaspace       used 109085K, capacity 117068K, committed 117400K, reserved 1150976K
  class space    used 13567K, capacity 15393K, committed 15528K, reserved 1048576K
Event: 3761.889 GC heap after
Heap after GC invocations=71 (full 7):
 PSYoungGen      total 592384K, used 15719K [0x00000000d5580000, 0x00000000ff780000, 0x0000000100000000)
  eden space 494592K, 0% used [0x00000000d5580000,0x00000000d5580000,0x00000000f3880000)
  from space 97792K, 16% used [0x00000000f9800000,0x00000000fa759e50,0x00000000ff780000)
  to   space 97792K, 0% used [0x00000000f3880000,0x00000000f3880000,0x00000000f9800000)
 ParOldGen       total 527872K, used 404541K [0x0000000080000000, 0x00000000a0380000, 0x00000000d5580000)
  object space 527872K, 76% used [0x0000000080000000,0x0000000098b0f6b8,0x00000000a0380000)
 Metaspace       used 109085K, capacity 117068K, committed 117400K, reserved 1150976K
  class space    used 13567K, capacity 15393K, committed 15528K, reserved 1048576K
}
Event: 5062.824 GC heap before
{Heap before GC invocations=72 (full 7):
 PSYoungGen      total 592384K, used 510311K [0x00000000d5580000, 0x00000000ff780000, 0x0000000100000000)
  eden space 494592K, 100% used [0x00000000d5580000,0x00000000f3880000,0x00000000f3880000)
  from space 97792K, 16% used [0x00000000f9800000,0x00000000fa759e50,0x00000000ff780000)
  to   space 97792K, 0% used [0x00000000f3880000,0x00000000f3880000,0x00000000f9800000)
 ParOldGen       total 527872K, used 404541K [0x0000000080000000, 0x00000000a0380000, 0x00000000d5580000)
  object space 527872K, 76% used [0x0000000080000000,0x0000000098b0f6b8,0x00000000a0380000)
 Metaspace       used 109199K, capacity 117258K, committed 117400K, reserved 1150976K
  class space    used 13578K, capacity 15434K, committed 15528K, reserved 1048576K
Event: 5062.847 GC heap after
Heap after GC invocations=72 (full 7):
 PSYoungGen      total 592384K, used 14528K [0x00000000d5580000, 0x00000000ffc00000, 0x0000000100000000)
  eden space 494592K, 0% used [0x00000000d5580000,0x00000000d5580000,0x00000000f3880000)
  from space 97792K, 14% used [0x00000000f3880000,0x00000000f46b0030,0x00000000f9800000)
  to   space 95744K, 0% used [0x00000000f9e80000,0x00000000f9e80000,0x00000000ffc00000)
 ParOldGen       total 527872K, used 414653K [0x0000000080000000, 0x00000000a0380000, 0x00000000d5580000)
  object space 527872K, 78% used [0x0000000080000000,0x00000000994ef718,0x00000000a0380000)
 Metaspace       used 109199K, capacity 117258K, committed 117400K, reserved 1150976K
  class space    used 13578K, capacity 15434K, committed 15528K, reserved 1048576K
}
Event: 5124.723 GC heap before
{Heap before GC invocations=73 (full 7):
 PSYoungGen      total 592384K, used 509120K [0x00000000d5580000, 0x00000000ffc00000, 0x0000000100000000)
  eden space 494592K, 100% used [0x00000000d5580000,0x00000000f3880000,0x00000000f3880000)
  from space 97792K, 14% used [0x00000000f3880000,0x00000000f46b0030,0x00000000f9800000)
  to   space 95744K, 0% used [0x00000000f9e80000,0x00000000f9e80000,0x00000000ffc00000)
 ParOldGen       total 527872K, used 414653K [0x0000000080000000, 0x00000000a0380000, 0x00000000d5580000)
  object space 527872K, 78% used [0x0000000080000000,0x00000000994ef718,0x00000000a0380000)
 Metaspace       used 109290K, capacity 117346K, committed 117656K, reserved 1150976K
  class space    used 13586K, capacity 15438K, committed 15528K, reserved 1048576K
Event: 5124.761 GC heap after
Heap after GC invocations=73 (full 7):
 PSYoungGen      total 598016K, used 13552K [0x00000000d5580000, 0x00000000ff900000, 0x0000000100000000)
  eden space 505344K, 0% used [0x00000000d5580000,0x00000000d5580000,0x00000000f4300000)
  from space 92672K, 14% used [0x00000000f9e80000,0x00000000fabbc050,0x00000000ff900000)
  to   space 93184K, 0% used [0x00000000f4300000,0x00000000f4300000,0x00000000f9e00000)
 ParOldGen       total 527872K, used 428533K [0x0000000080000000, 0x00000000a0380000, 0x00000000d5580000)
  object space 527872K, 81% used [0x0000000080000000,0x000000009a27d5d0,0x00000000a0380000)
 Metaspace       used 109290K, capacity 117346K, committed 117656K, reserved 1150976K
  class space    used 13586K, capacity 15438K, committed 15528K, reserved 1048576K
}
Event: 5265.406 GC heap before
{Heap before GC invocations=74 (full 7):
 PSYoungGen      total 598016K, used 518896K [0x00000000d5580000, 0x00000000ff900000, 0x0000000100000000)
  eden space 505344K, 100% used [0x00000000d5580000,0x00000000f4300000,0x00000000f4300000)
  from space 92672K, 14% used [0x00000000f9e80000,0x00000000fabbc050,0x00000000ff900000)
  to   space 93184K, 0% used [0x00000000f4300000,0x00000000f4300000,0x00000000f9e00000)
 ParOldGen       total 527872K, used 428533K [0x0000000080000000, 0x00000000a0380000, 0x00000000d5580000)
  object space 527872K, 81% used [0x0000000080000000,0x000000009a27d5d0,0x00000000a0380000)
 Metaspace       used 109511K, capacity 117588K, committed 117912K, reserved 1150976K
  class space    used 13609K, capacity 15445K, committed 15528K, reserved 1048576K
Event: 5265.477 GC heap after
Heap after GC invocations=74 (full 7):
 PSYoungGen      total 584192K, used 78740K [0x00000000d5580000, 0x0000000100000000, 0x0000000100000000)
  eden space 505344K, 0% used [0x00000000d5580000,0x00000000d5580000,0x00000000f4300000)
  from space 78848K, 99% used [0x00000000f4300000,0x00000000f8fe51f0,0x00000000f9000000)
  to   space 103936K, 0% used [0x00000000f9a80000,0x00000000f9a80000,0x0000000100000000)
 ParOldGen       total 527872K, used 441669K [0x0000000080000000, 0x00000000a0380000, 0x00000000d5580000)
  object space 527872K, 83% used [0x0000000080000000,0x000000009af51490,0x00000000a0380000)
 Metaspace       used 109511K, capacity 117588K, committed 117912K, reserved 1150976K
  class space    used 13609K, capacity 15445K, committed 15528K, reserved 1048576K
}

