# JRE version: OpenJDK Runtime Environment (8.0_152-b01) (build 1.8.0_152-release-915-b01)
# Java VM: OpenJDK 64-Bit Server VM (25.152-b01 mixed mode windows-amd64 compressed oops)
Heap:
 PSYoungGen      total 95232K, used 4543K [0x00000000d5580000, 0x00000000dbf00000, 0x0000000100000000)
  eden space 83456K, 1% used [0x00000000d5580000,0x00000000d56efd30,0x00000000da700000)
  from space 11776K, 26% used [0x00000000db380000,0x00000000db680000,0x00000000dbf00000)
  to   space 12288K, 0% used [0x00000000da700000,0x00000000da700000,0x00000000db300000)
 ParOldGen       total 99328K, used 16826K [0x0000000080000000, 0x0000000086100000, 0x00000000d5580000)
  object space 99328K, 16% used [0x0000000080000000,0x000000008106eb48,0x0000000086100000)
 Metaspace       used 36294K, capacity 37372K, committed 37632K, reserved 1081344K
  class space    used 4906K, capacity 5295K, committed 5376K, reserved 1048576K
GC Heap History (10 events):
Event: 3.368 GC heap before
{Heap before GC invocations=6 (full 1):
 PSYoungGen      total 71680K, used 66560K [0x00000000d5580000, 0x00000000da080000, 0x0000000100000000)
  eden space 66560K, 100% used [0x00000000d5580000,0x00000000d9680000,0x00000000d9680000)
  from space 5120K, 0% used [0x00000000d9b80000,0x00000000d9b80000,0x00000000da080000)
  to   space 5120K, 0% used [0x00000000d9680000,0x00000000d9680000,0x00000000d9b80000)
 ParOldGen       total 62976K, used 8903K [0x0000000080000000, 0x0000000083d80000, 0x00000000d5580000)
  object space 62976K, 14% used [0x0000000080000000,0x00000000808b1cb0,0x0000000083d80000)
 Metaspace       used 26117K, capacity 26688K, committed 26880K, reserved 1073152K
  class space    used 3554K, capacity 3756K, committed 3840K, reserved 1048576K
Event: 3.376 GC heap after
Heap after GC invocations=6 (full 1):
 PSYoungGen      total 71680K, used 5104K [0x00000000d5580000, 0x00000000da080000, 0x0000000100000000)
  eden space 66560K, 0% used [0x00000000d5580000,0x00000000d5580000,0x00000000d9680000)
  from space 5120K, 99% used [0x00000000d9680000,0x00000000d9b7c0f0,0x00000000d9b80000)
  to   space 5120K, 0% used [0x00000000d9b80000,0x00000000d9b80000,0x00000000da080000)
 ParOldGen       total 62976K, used 10776K [0x0000000080000000, 0x0000000083d80000, 0x00000000d5580000)
  object space 62976K, 17% used [0x0000000080000000,0x0000000080a86338,0x0000000083d80000)
 Metaspace       used 26117K, capacity 26688K, committed 26880K, reserved 1073152K
  class space    used 3554K, capacity 3756K, committed 3840K, reserved 1048576K
}
Event: 5.819 GC heap before
{Heap before GC invocations=7 (full 1):
 PSYoungGen      total 71680K, used 71664K [0x00000000d5580000, 0x00000000da080000, 0x0000000100000000)
  eden space 66560K, 100% used [0x00000000d5580000,0x00000000d9680000,0x00000000d9680000)
  from space 5120K, 99% used [0x00000000d9680000,0x00000000d9b7c0f0,0x00000000d9b80000)
  to   space 5120K, 0% used [0x00000000d9b80000,0x00000000d9b80000,0x00000000da080000)
 ParOldGen       total 62976K, used 10776K [0x0000000080000000, 0x0000000083d80000, 0x00000000d5580000)
  object space 62976K, 17% used [0x0000000080000000,0x0000000080a86338,0x0000000083d80000)
 Metaspace       used 32278K, capacity 33132K, committed 33536K, reserved 1077248K
  class space    used 4457K, capacity 4765K, committed 4864K, reserved 1048576K
Event: 5.829 GC heap after
Heap after GC invocations=7 (full 1):
 PSYoungGen      total 64512K, used 5120K [0x00000000d5580000, 0x00000000dcb80000, 0x0000000100000000)
  eden space 59392K, 0% used [0x00000000d5580000,0x00000000d5580000,0x00000000d8f80000)
  from space 5120K, 100% used [0x00000000d9b80000,0x00000000da080000,0x00000000da080000)
  to   space 12288K, 0% used [0x00000000d8f80000,0x00000000d8f80000,0x00000000d9b80000)
 ParOldGen       total 62976K, used 17244K [0x0000000080000000, 0x0000000083d80000, 0x00000000d5580000)
  object space 62976K, 27% used [0x0000000080000000,0x00000000810d73a8,0x0000000083d80000)
 Metaspace       used 32278K, capacity 33132K, committed 33536K, reserved 1077248K
  class space    used 4457K, capacity 4765K, committed 4864K, reserved 1048576K
}
Event: 6.506 GC heap before
{Heap before GC invocations=8 (full 1):
 PSYoungGen      total 64512K, used 23587K [0x00000000d5580000, 0x00000000dcb80000, 0x0000000100000000)
  eden space 59392K, 31% used [0x00000000d5580000,0x00000000d6788f98,0x00000000d8f80000)
  from space 5120K, 100% used [0x00000000d9b80000,0x00000000da080000,0x00000000da080000)
  to   space 12288K, 0% used [0x00000000d8f80000,0x00000000d8f80000,0x00000000d9b80000)
 ParOldGen       total 62976K, used 17244K [0x0000000080000000, 0x0000000083d80000, 0x00000000d5580000)
  object space 62976K, 27% used [0x0000000080000000,0x00000000810d73a8,0x0000000083d80000)
 Metaspace       used 34319K, capacity 35224K, committed 35416K, reserved 1079296K
  class space    used 4715K, capacity 5055K, committed 5120K, reserved 1048576K
Event: 6.513 GC heap after
Heap after GC invocations=8 (full 1):
 PSYoungGen      total 71680K, used 7579K [0x00000000d5580000, 0x00000000dbf00000, 0x0000000100000000)
  eden space 59392K, 0% used [0x00000000d5580000,0x00000000d5580000,0x00000000d8f80000)
  from space 12288K, 61% used [0x00000000d8f80000,0x00000000d96e6d90,0x00000000d9b80000)
  to   space 11776K, 0% used [0x00000000db380000,0x00000000db380000,0x00000000dbf00000)
 ParOldGen       total 62976K, used 17252K [0x0000000080000000, 0x0000000083d80000, 0x00000000d5580000)
  object space 62976K, 27% used [0x0000000080000000,0x00000000810d93a8,0x0000000083d80000)
 Metaspace       used 34319K, capacity 35224K, committed 35416K, reserved 1079296K
  class space    used 4715K, capacity 5055K, committed 5120K, reserved 1048576K
}
Event: 6.513 GC heap before
{Heap before GC invocations=9 (full 2):
 PSYoungGen      total 71680K, used 7579K [0x00000000d5580000, 0x00000000dbf00000, 0x0000000100000000)
  eden space 59392K, 0% used [0x00000000d5580000,0x00000000d5580000,0x00000000d8f80000)
  from space 12288K, 61% used [0x00000000d8f80000,0x00000000d96e6d90,0x00000000d9b80000)
  to   space 11776K, 0% used [0x00000000db380000,0x00000000db380000,0x00000000dbf00000)
 ParOldGen       total 62976K, used 17252K [0x0000000080000000, 0x0000000083d80000, 0x00000000d5580000)
  object space 62976K, 27% used [0x0000000080000000,0x00000000810d93a8,0x0000000083d80000)
 Metaspace       used 34319K, capacity 35224K, committed 35416K, reserved 1079296K
  class space    used 4715K, capacity 5055K, committed 5120K, reserved 1048576K
Event: 6.568 GC heap after
Heap after GC invocations=9 (full 2):
 PSYoungGen      total 71680K, used 0K [0x00000000d5580000, 0x00000000dbf00000, 0x0000000100000000)
  eden space 59392K, 0% used [0x00000000d5580000,0x00000000d5580000,0x00000000d8f80000)
  from space 12288K, 0% used [0x00000000d8f80000,0x00000000d8f80000,0x00000000d9b80000)
  to   space 11776K, 0% used [0x00000000db380000,0x00000000db380000,0x00000000dbf00000)
 ParOldGen       total 99328K, used 16826K [0x0000000080000000, 0x0000000086100000, 0x00000000d5580000)
  object space 99328K, 16% used [0x0000000080000000,0x000000008106eb48,0x0000000086100000)
 Metaspace       used 34319K, capacity 35224K, committed 35416K, reserved 1079296K
  class space    used 4715K, capacity 5055K, committed 5120K, reserved 1048576K
}
Event: 11.200 GC heap before
{Heap before GC invocations=10 (full 2):
 PSYoungGen      total 71680K, used 59392K [0x00000000d5580000, 0x00000000dbf00000, 0x0000000100000000)
  eden space 59392K, 100% used [0x00000000d5580000,0x00000000d8f80000,0x00000000d8f80000)
  from space 12288K, 0% used [0x00000000d8f80000,0x00000000d8f80000,0x00000000d9b80000)
  to   space 11776K, 0% used [0x00000000db380000,0x00000000db380000,0x00000000dbf00000)
 ParOldGen       total 99328K, used 16826K [0x0000000080000000, 0x0000000086100000, 0x00000000d5580000)
  object space 99328K, 16% used [0x0000000080000000,0x000000008106eb48,0x0000000086100000)
 Metaspace       used 36294K, capacity 37372K, committed 37632K, reserved 1081344K
  class space    used 4906K, capacity 5295K, committed 5376K, reserved 1048576K
Event: 11.206 GC heap after
Heap after GC invocations=10 (full 2):
 PSYoungGen      total 95232K, used 3072K [0x00000000d5580000, 0x00000000dbf00000, 0x0000000100000000)
  eden space 83456K, 0% used [0x00000000d5580000,0x00000000d5580000,0x00000000da700000)
  from space 11776K, 26% used [0x00000000db380000,0x00000000db680000,0x00000000dbf00000)
  to   space 12288K, 0% used [0x00000000da700000,0x00000000da700000,0x00000000db300000)
 ParOldGen       total 99328K, used 16826K [0x0000000080000000, 0x0000000086100000, 0x00000000d5580000)
  object space 99328K, 16% used [0x0000000080000000,0x000000008106eb48,0x0000000086100000)
 Metaspace       used 36294K, capacity 37372K, committed 37632K, reserved 1081344K
  class space    used 4906K, capacity 5295K, committed 5376K, reserved 1048576K
}

