# JRE version: Java(TM) SE Runtime Environment (8.0_66-b18) (build 1.8.0_66-b18)
# Java VM: Java HotSpot(TM) 64-Bit Server VM (25.66-b18 mixed mode windows-amd64 compressed oops)
Heap:
 PSYoungGen      total 461824K, used 141387K [0x00000000d5580000, 0x00000000ffe80000, 0x0000000100000000)
  eden space 422400K, 24% used [0x00000000d5580000,0x00000000db95ae28,0x00000000ef200000)
  from space 39424K, 99% used [0x00000000ef200000,0x00000000f1838010,0x00000000f1880000)
  to   space 137216K, 0% used [0x00000000f7880000,0x00000000f7880000,0x00000000ffe80000)
 ParOldGen       total 540672K, used 358119K [0x0000000080000000, 0x00000000a1000000, 0x00000000d5580000)
  object space 540672K, 66% used [0x0000000080000000,0x0000000095db9f40,0x00000000a1000000)
 Metaspace       used 75895K, capacity 78217K, committed 78336K, reserved 1118208K
  class space    used 8515K, capacity 9109K, committed 9216K, reserved 1048576K
GC Heap History (10 events):
Event: 2711.111 GC heap before
{Heap before GC invocations=57 (full 13):
 PSYoungGen      total 560128K, used 468384K [0x00000000d5580000, 0x00000000ffd80000, 0x0000000100000000)
  eden space 421376K, 100% used [0x00000000d5580000,0x00000000ef100000,0x00000000ef100000)
  from space 138752K, 33% used [0x00000000ef100000,0x00000000f1ee8010,0x00000000f7880000)
  to   space 135168K, 0% used [0x00000000f7980000,0x00000000f7980000,0x00000000ffd80000)
 ParOldGen       total 346112K, used 184646K [0x0000000080000000, 0x0000000095200000, 0x00000000d5580000)
  object space 346112K, 53% used [0x0000000080000000,0x000000008b451838,0x0000000095200000)
 Metaspace       used 74110K, capacity 76233K, committed 76672K, reserved 1116160K
  class space    used 8339K, capacity 8851K, committed 9088K, reserved 1048576K
Event: 2711.192 GC heap after
Heap after GC invocations=57 (full 13):
 PSYoungGen      total 558592K, used 90730K [0x00000000d5580000, 0x0000000100000000, 0x0000000100000000)
  eden space 423424K, 0% used [0x00000000d5580000,0x00000000d5580000,0x00000000ef300000)
  from space 135168K, 67% used [0x00000000f7980000,0x00000000fd21a978,0x00000000ffd80000)
  to   space 137728K, 0% used [0x00000000ef300000,0x00000000ef300000,0x00000000f7980000)
 ParOldGen       total 346112K, used 231702K [0x0000000080000000, 0x0000000095200000, 0x00000000d5580000)
  object space 346112K, 66% used [0x0000000080000000,0x000000008e245868,0x0000000095200000)
 Metaspace       used 74110K, capacity 76233K, committed 76672K, reserved 1116160K
  class space    used 8339K, capacity 8851K, committed 9088K, reserved 1048576K
}
Event: 2711.192 GC heap before
{Heap before GC invocations=58 (full 14):
 PSYoungGen      total 558592K, used 90730K [0x00000000d5580000, 0x0000000100000000, 0x0000000100000000)
  eden space 423424K, 0% used [0x00000000d5580000,0x00000000d5580000,0x00000000ef300000)
  from space 135168K, 67% used [0x00000000f7980000,0x00000000fd21a978,0x00000000ffd80000)
  to   space 137728K, 0% used [0x00000000ef300000,0x00000000ef300000,0x00000000f7980000)
 ParOldGen       total 346112K, used 231702K [0x0000000080000000, 0x0000000095200000, 0x00000000d5580000)
  object space 346112K, 66% used [0x0000000080000000,0x000000008e245868,0x0000000095200000)
 Metaspace       used 74110K, capacity 76233K, committed 76672K, reserved 1116160K
  class space    used 8339K, capacity 8851K, committed 9088K, reserved 1048576K
Event: 2711.906 GC heap after
Heap after GC invocations=58 (full 14):
 PSYoungGen      total 558592K, used 0K [0x00000000d5580000, 0x0000000100000000, 0x0000000100000000)
  eden space 423424K, 0% used [0x00000000d5580000,0x00000000d5580000,0x00000000ef300000)
  from space 135168K, 0% used [0x00000000f7980000,0x00000000f7980000,0x00000000ffd80000)
  to   space 137728K, 0% used [0x00000000ef300000,0x00000000ef300000,0x00000000f7980000)
 ParOldGen       total 540672K, used 237703K [0x0000000080000000, 0x00000000a1000000, 0x00000000d5580000)
  object space 540672K, 43% used [0x0000000080000000,0x000000008e821f18,0x00000000a1000000)
 Metaspace       used 74110K, capacity 76233K, committed 76672K, reserved 1116160K
  class space    used 8339K, capacity 8851K, committed 9088K, reserved 1048576K
}
Event: 2983.056 GC heap before
{Heap before GC invocations=59 (full 14):
 PSYoungGen      total 558592K, used 423424K [0x00000000d5580000, 0x0000000100000000, 0x0000000100000000)
  eden space 423424K, 100% used [0x00000000d5580000,0x00000000ef300000,0x00000000ef300000)
  from space 135168K, 0% used [0x00000000f7980000,0x00000000f7980000,0x00000000ffd80000)
  to   space 137728K, 0% used [0x00000000ef300000,0x00000000ef300000,0x00000000f7980000)
 ParOldGen       total 540672K, used 237703K [0x0000000080000000, 0x00000000a1000000, 0x00000000d5580000)
  object space 540672K, 43% used [0x0000000080000000,0x000000008e821f18,0x00000000a1000000)
 Metaspace       used 74620K, capacity 76857K, committed 77184K, reserved 1118208K
  class space    used 8389K, capacity 8925K, committed 9088K, reserved 1048576K
Event: 2983.118 GC heap after
Heap after GC invocations=59 (full 14):
 PSYoungGen      total 561152K, used 86269K [0x00000000d5580000, 0x0000000100000000, 0x0000000100000000)
  eden space 423424K, 0% used [0x00000000d5580000,0x00000000d5580000,0x00000000ef300000)
  from space 137728K, 62% used [0x00000000ef300000,0x00000000f473f550,0x00000000f7980000)
  to   space 137728K, 0% used [0x00000000f7980000,0x00000000f7980000,0x0000000100000000)
 ParOldGen       total 540672K, used 237711K [0x0000000080000000, 0x00000000a1000000, 0x00000000d5580000)
  object space 540672K, 43% used [0x0000000080000000,0x000000008e823f18,0x00000000a1000000)
 Metaspace       used 74620K, capacity 76857K, committed 77184K, reserved 1118208K
  class space    used 8389K, capacity 8925K, committed 9088K, reserved 1048576K
}
Event: 3012.755 GC heap before
{Heap before GC invocations=60 (full 14):
 PSYoungGen      total 561152K, used 509693K [0x00000000d5580000, 0x0000000100000000, 0x0000000100000000)
  eden space 423424K, 100% used [0x00000000d5580000,0x00000000ef300000,0x00000000ef300000)
  from space 137728K, 62% used [0x00000000ef300000,0x00000000f473f550,0x00000000f7980000)
  to   space 137728K, 0% used [0x00000000f7980000,0x00000000f7980000,0x0000000100000000)
 ParOldGen       total 540672K, used 237711K [0x0000000080000000, 0x00000000a1000000, 0x00000000d5580000)
  object space 540672K, 43% used [0x0000000080000000,0x000000008e823f18,0x00000000a1000000)
 Metaspace       used 75816K, capacity 78153K, committed 78336K, reserved 1118208K
  class space    used 8506K, capacity 9109K, committed 9216K, reserved 1048576K
Event: 3012.840 GC heap after
Heap after GC invocations=60 (full 14):
 PSYoungGen      total 560128K, used 89106K [0x00000000d5580000, 0x0000000100000000, 0x0000000100000000)
  eden space 422400K, 0% used [0x00000000d5580000,0x00000000d5580000,0x00000000ef200000)
  from space 137728K, 64% used [0x00000000f7980000,0x00000000fd084818,0x0000000100000000)
  to   space 138240K, 0% used [0x00000000ef200000,0x00000000ef200000,0x00000000f7900000)
 ParOldGen       total 540672K, used 271495K [0x0000000080000000, 0x00000000a1000000, 0x00000000d5580000)
  object space 540672K, 50% used [0x0000000080000000,0x0000000090921f28,0x00000000a1000000)
 Metaspace       used 75816K, capacity 78153K, committed 78336K, reserved 1118208K
  class space    used 8506K, capacity 9109K, committed 9216K, reserved 1048576K
}
Event: 3013.443 GC heap before
{Heap before GC invocations=61 (full 14):
 PSYoungGen      total 560128K, used 511506K [0x00000000d5580000, 0x0000000100000000, 0x0000000100000000)
  eden space 422400K, 100% used [0x00000000d5580000,0x00000000ef200000,0x00000000ef200000)
  from space 137728K, 64% used [0x00000000f7980000,0x00000000fd084818,0x0000000100000000)
  to   space 138240K, 0% used [0x00000000ef200000,0x00000000ef200000,0x00000000f7900000)
 ParOldGen       total 540672K, used 271495K [0x0000000080000000, 0x00000000a1000000, 0x00000000d5580000)
  object space 540672K, 50% used [0x0000000080000000,0x0000000090921f28,0x00000000a1000000)
 Metaspace       used 75894K, capacity 78217K, committed 78336K, reserved 1118208K
  class space    used 8515K, capacity 9109K, committed 9216K, reserved 1048576K
Event: 3013.517 GC heap after
Heap after GC invocations=61 (full 14):
 PSYoungGen      total 461824K, used 39136K [0x00000000d5580000, 0x00000000ffe80000, 0x0000000100000000)
  eden space 422400K, 0% used [0x00000000d5580000,0x00000000d5580000,0x00000000ef200000)
  from space 39424K, 99% used [0x00000000ef200000,0x00000000f1838010,0x00000000f1880000)
  to   space 137216K, 0% used [0x00000000f7880000,0x00000000f7880000,0x00000000ffe80000)
 ParOldGen       total 540672K, used 358119K [0x0000000080000000, 0x00000000a1000000, 0x00000000d5580000)
  object space 540672K, 66% used [0x0000000080000000,0x0000000095db9f40,0x00000000a1000000)
 Metaspace       used 75894K, capacity 78217K, committed 78336K, reserved 1118208K
  class space    used 8515K, capacity 9109K, committed 9216K, reserved 1048576K
}

