# JRE version: OpenJDK Runtime Environment (8.0_152-b01) (build 1.8.0_152-release-915-b01)
# Java VM: OpenJDK 64-Bit Server VM (25.152-b01 mixed mode windows-amd64 compressed oops)
Heap:
 PSYoungGen      total 389632K, used 35584K [0x00000000d5580000, 0x00000000f7300000, 0x0000000100000000)
  eden space 288768K, 4% used [0x00000000d5580000,0x00000000d6378068,0x00000000e6f80000)
  from space 100864K, 21% used [0x00000000e6f80000,0x00000000e8448000,0x00000000ed200000)
  to   space 97280K, 0% used [0x00000000f1400000,0x00000000f1400000,0x00000000f7300000)
 ParOldGen       total 408064K, used 242120K [0x0000000080000000, 0x0000000098e80000, 0x00000000d5580000)
  object space 408064K, 59% used [0x0000000080000000,0x000000008ec72238,0x0000000098e80000)
 Metaspace       used 83856K, capacity 87808K, committed 88152K, reserved 1126400K
  class space    used 10589K, capacity 11531K, committed 11608K, reserved 1048576K
GC Heap History (10 events):
Event: 29.599 GC heap before
{Heap before GC invocations=19 (full 3):
 PSYoungGen      total 271360K, used 260306K [0x00000000d5580000, 0x00000000ec080000, 0x0000000100000000)
  eden space 237568K, 100% used [0x00000000d5580000,0x00000000e3d80000,0x00000000e3d80000)
  from space 33792K, 67% used [0x00000000e3d80000,0x00000000e53b48d0,0x00000000e5e80000)
  to   space 34816K, 0% used [0x00000000e9e80000,0x00000000e9e80000,0x00000000ec080000)
 ParOldGen       total 157696K, used 80880K [0x0000000080000000, 0x0000000089a00000, 0x00000000d5580000)
  object space 157696K, 51% used [0x0000000080000000,0x0000000084efc1e0,0x0000000089a00000)
 Metaspace       used 76649K, capacity 80518K, committed 80728K, reserved 1120256K
  class space    used 9587K, capacity 10516K, committed 10584K, reserved 1048576K
Event: 29.635 GC heap after
Heap after GC invocations=19 (full 3):
 PSYoungGen      total 326656K, used 28698K [0x00000000d5580000, 0x00000000ebe80000, 0x0000000100000000)
  eden space 293888K, 0% used [0x00000000d5580000,0x00000000d5580000,0x00000000e7480000)
  from space 32768K, 87% used [0x00000000e9e80000,0x00000000eba86998,0x00000000ebe80000)
  to   space 37888K, 0% used [0x00000000e7480000,0x00000000e7480000,0x00000000e9980000)
 ParOldGen       total 157696K, used 80888K [0x0000000080000000, 0x0000000089a00000, 0x00000000d5580000)
  object space 157696K, 51% used [0x0000000080000000,0x0000000084efe1e0,0x0000000089a00000)
 Metaspace       used 76649K, capacity 80518K, committed 80728K, reserved 1120256K
  class space    used 9587K, capacity 10516K, committed 10584K, reserved 1048576K
}
Event: 90.198 GC heap before
{Heap before GC invocations=20 (full 3):
 PSYoungGen      total 326656K, used 322586K [0x00000000d5580000, 0x00000000ebe80000, 0x0000000100000000)
  eden space 293888K, 100% used [0x00000000d5580000,0x00000000e7480000,0x00000000e7480000)
  from space 32768K, 87% used [0x00000000e9e80000,0x00000000eba86998,0x00000000ebe80000)
  to   space 37888K, 0% used [0x00000000e7480000,0x00000000e7480000,0x00000000e9980000)
 ParOldGen       total 157696K, used 80888K [0x0000000080000000, 0x0000000089a00000, 0x00000000d5580000)
  object space 157696K, 51% used [0x0000000080000000,0x0000000084efe1e0,0x0000000089a00000)
 Metaspace       used 83639K, capacity 87616K, committed 87896K, reserved 1126400K
  class space    used 10561K, capacity 11505K, committed 11608K, reserved 1048576K
Event: 90.273 GC heap after
Heap after GC invocations=20 (full 3):
 PSYoungGen      total 331776K, used 37860K [0x00000000d5580000, 0x00000000f0900000, 0x0000000100000000)
  eden space 293888K, 0% used [0x00000000d5580000,0x00000000d5580000,0x00000000e7480000)
  from space 37888K, 99% used [0x00000000e7480000,0x00000000e9979010,0x00000000e9980000)
  to   space 56320K, 0% used [0x00000000ed200000,0x00000000ed200000,0x00000000f0900000)
 ParOldGen       total 157696K, used 116270K [0x0000000080000000, 0x0000000089a00000, 0x00000000d5580000)
  object space 157696K, 73% used [0x0000000080000000,0x000000008718b9b8,0x0000000089a00000)
 Metaspace       used 83639K, capacity 87616K, committed 87896K, reserved 1126400K
  class space    used 10561K, capacity 11505K, committed 11608K, reserved 1048576K
}
Event: 91.273 GC heap before
{Heap before GC invocations=21 (full 3):
 PSYoungGen      total 331776K, used 331748K [0x00000000d5580000, 0x00000000f0900000, 0x0000000100000000)
  eden space 293888K, 100% used [0x00000000d5580000,0x00000000e7480000,0x00000000e7480000)
  from space 37888K, 99% used [0x00000000e7480000,0x00000000e9979010,0x00000000e9980000)
  to   space 56320K, 0% used [0x00000000ed200000,0x00000000ed200000,0x00000000f0900000)
 ParOldGen       total 157696K, used 116270K [0x0000000080000000, 0x0000000089a00000, 0x00000000d5580000)
  object space 157696K, 73% used [0x0000000080000000,0x000000008718b9b8,0x0000000089a00000)
 Metaspace       used 83866K, capacity 87840K, committed 88152K, reserved 1126400K
  class space    used 10592K, capacity 11537K, committed 11608K, reserved 1048576K
Event: 91.395 GC heap after
Heap after GC invocations=21 (full 3):
 PSYoungGen      total 345088K, used 56296K [0x00000000d5580000, 0x00000000f7280000, 0x0000000100000000)
  eden space 288768K, 0% used [0x00000000d5580000,0x00000000d5580000,0x00000000e6f80000)
  from space 56320K, 99% used [0x00000000ed200000,0x00000000f08fa030,0x00000000f0900000)
  to   space 100864K, 0% used [0x00000000e6f80000,0x00000000e6f80000,0x00000000ed200000)
 ParOldGen       total 212992K, used 212750K [0x0000000080000000, 0x000000008d000000, 0x00000000d5580000)
  object space 212992K, 99% used [0x0000000080000000,0x000000008cfc3b28,0x000000008d000000)
 Metaspace       used 83866K, capacity 87840K, committed 88152K, reserved 1126400K
  class space    used 10592K, capacity 11537K, committed 11608K, reserved 1048576K
}
Event: 91.395 GC heap before
{Heap before GC invocations=22 (full 4):
 PSYoungGen      total 345088K, used 56296K [0x00000000d5580000, 0x00000000f7280000, 0x0000000100000000)
  eden space 288768K, 0% used [0x00000000d5580000,0x00000000d5580000,0x00000000e6f80000)
  from space 56320K, 99% used [0x00000000ed200000,0x00000000f08fa030,0x00000000f0900000)
  to   space 100864K, 0% used [0x00000000e6f80000,0x00000000e6f80000,0x00000000ed200000)
 ParOldGen       total 212992K, used 212750K [0x0000000080000000, 0x000000008d000000, 0x00000000d5580000)
  object space 212992K, 99% used [0x0000000080000000,0x000000008cfc3b28,0x000000008d000000)
 Metaspace       used 83866K, capacity 87840K, committed 88152K, reserved 1126400K
  class space    used 10592K, capacity 11537K, committed 11608K, reserved 1048576K
Event: 92.037 GC heap after
Heap after GC invocations=22 (full 4):
 PSYoungGen      total 345088K, used 31655K [0x00000000d5580000, 0x00000000f7280000, 0x0000000100000000)
  eden space 288768K, 0% used [0x00000000d5580000,0x00000000d5580000,0x00000000e6f80000)
  from space 56320K, 56% used [0x00000000ed200000,0x00000000ef0e9ca0,0x00000000f0900000)
  to   space 100864K, 0% used [0x00000000e6f80000,0x00000000e6f80000,0x00000000ed200000)
 ParOldGen       total 408064K, used 212604K [0x0000000080000000, 0x0000000098e80000, 0x00000000d5580000)
  object space 408064K, 52% used [0x0000000080000000,0x000000008cf9f328,0x0000000098e80000)
 Metaspace       used 83856K, capacity 87808K, committed 88152K, reserved 1126400K
  class space    used 10589K, capacity 11531K, committed 11608K, reserved 1048576K
}
Event: 92.392 GC heap before
{Heap before GC invocations=23 (full 4):
 PSYoungGen      total 345088K, used 320423K [0x00000000d5580000, 0x00000000f7280000, 0x0000000100000000)
  eden space 288768K, 100% used [0x00000000d5580000,0x00000000e6f80000,0x00000000e6f80000)
  from space 56320K, 56% used [0x00000000ed200000,0x00000000ef0e9ca0,0x00000000f0900000)
  to   space 100864K, 0% used [0x00000000e6f80000,0x00000000e6f80000,0x00000000ed200000)
 ParOldGen       total 408064K, used 212604K [0x0000000080000000, 0x0000000098e80000, 0x00000000d5580000)
  object space 408064K, 52% used [0x0000000080000000,0x000000008cf9f328,0x0000000098e80000)
 Metaspace       used 83856K, capacity 87808K, committed 88152K, reserved 1126400K
  class space    used 10589K, capacity 11531K, committed 11608K, reserved 1048576K
Event: 92.494 GC heap after
Heap after GC invocations=23 (full 4):
 PSYoungGen      total 389632K, used 21280K [0x00000000d5580000, 0x00000000f7300000, 0x0000000100000000)
  eden space 288768K, 0% used [0x00000000d5580000,0x00000000d5580000,0x00000000e6f80000)
  from space 100864K, 21% used [0x00000000e6f80000,0x00000000e8448000,0x00000000ed200000)
  to   space 97280K, 0% used [0x00000000f1400000,0x00000000f1400000,0x00000000f7300000)
 ParOldGen       total 408064K, used 242120K [0x0000000080000000, 0x0000000098e80000, 0x00000000d5580000)
  object space 408064K, 59% used [0x0000000080000000,0x000000008ec72238,0x0000000098e80000)
 Metaspace       used 83856K, capacity 87808K, committed 88152K, reserved 1126400K
  class space    used 10589K, capacity 11531K, committed 11608K, reserved 1048576K
}

