# JRE version: OpenJDK Runtime Environment (8.0_152-b01) (build 1.8.0_152-release-915-b01)
# Java VM: OpenJDK 64-Bit Server VM (25.152-b01 mixed mode windows-amd64 compressed oops)
Heap:
 PSYoungGen      total 577536K, used 342819K [0x00000000d5580000, 0x0000000100000000, 0x0000000100000000)
  eden space 473600K, 50% used [0x00000000d5580000,0x00000000e3f38d60,0x00000000f2400000)
  from space 103936K, 99% used [0x00000000f2400000,0x00000000f8910010,0x00000000f8980000)
  to   space 121344K, 0% used [0x00000000f8980000,0x00000000f8980000,0x0000000100000000)
 ParOldGen       total 428544K, used 213795K [0x0000000080000000, 0x000000009a280000, 0x00000000d5580000)
  object space 428544K, 49% used [0x0000000080000000,0x000000008d0c8ef8,0x000000009a280000)
 Metaspace       used 100510K, capacity 107048K, committed 107264K, reserved 1142784K
  class space    used 12482K, capacity 13981K, committed 14080K, reserved 1048576K
GC Heap History (10 events):
Event: 243.553 GC heap before
{Heap before GC invocations=24 (full 4):
 PSYoungGen      total 473088K, used 453291K [0x00000000d5580000, 0x00000000f8600000, 0x0000000100000000)
  eden space 422400K, 100% used [0x00000000d5580000,0x00000000ef200000,0x00000000ef200000)
  from space 50688K, 60% used [0x00000000ef200000,0x00000000f102af98,0x00000000f2380000)
  to   space 51200K, 0% used [0x00000000f5400000,0x00000000f5400000,0x00000000f8600000)
 ParOldGen       total 233984K, used 110659K [0x0000000080000000, 0x000000008e480000, 0x00000000d5580000)
  object space 233984K, 47% used [0x0000000080000000,0x0000000086c10fb0,0x000000008e480000)
 Metaspace       used 96460K, capacity 102906K, committed 103040K, reserved 1138688K
  class space    used 12161K, capacity 13626K, committed 13696K, reserved 1048576K
Event: 243.591 GC heap after
Heap after GC invocations=24 (full 4):
 PSYoungGen      total 509440K, used 33838K [0x00000000d5580000, 0x00000000f8180000, 0x0000000100000000)
  eden space 462848K, 0% used [0x00000000d5580000,0x00000000d5580000,0x00000000f1980000)
  from space 46592K, 72% used [0x00000000f5400000,0x00000000f750b8c0,0x00000000f8180000)
  to   space 53248K, 0% used [0x00000000f1980000,0x00000000f1980000,0x00000000f4d80000)
 ParOldGen       total 233984K, used 110667K [0x0000000080000000, 0x000000008e480000, 0x00000000d5580000)
  object space 233984K, 47% used [0x0000000080000000,0x0000000086c12fb0,0x000000008e480000)
 Metaspace       used 96460K, capacity 102906K, committed 103040K, reserved 1138688K
  class space    used 12161K, capacity 13626K, committed 13696K, reserved 1048576K
}
Event: 258.128 GC heap before
{Heap before GC invocations=25 (full 4):
 PSYoungGen      total 509440K, used 496686K [0x00000000d5580000, 0x00000000f8180000, 0x0000000100000000)
  eden space 462848K, 100% used [0x00000000d5580000,0x00000000f1980000,0x00000000f1980000)
  from space 46592K, 72% used [0x00000000f5400000,0x00000000f750b8c0,0x00000000f8180000)
  to   space 53248K, 0% used [0x00000000f1980000,0x00000000f1980000,0x00000000f4d80000)
 ParOldGen       total 233984K, used 110667K [0x0000000080000000, 0x000000008e480000, 0x00000000d5580000)
  object space 233984K, 47% used [0x0000000080000000,0x0000000086c12fb0,0x000000008e480000)
 Metaspace       used 98816K, capacity 105274K, committed 105472K, reserved 1140736K
  class space    used 12279K, capacity 13754K, committed 13824K, reserved 1048576K
Event: 258.217 GC heap after
Heap after GC invocations=25 (full 4):
 PSYoungGen      total 516096K, used 53237K [0x00000000d5580000, 0x00000000fda80000, 0x0000000100000000)
  eden space 462848K, 0% used [0x00000000d5580000,0x00000000d5580000,0x00000000f1980000)
  from space 53248K, 99% used [0x00000000f1980000,0x00000000f4d7d558,0x00000000f4d80000)
  to   space 76800K, 0% used [0x00000000f8f80000,0x00000000f8f80000,0x00000000fda80000)
 ParOldGen       total 233984K, used 153031K [0x0000000080000000, 0x000000008e480000, 0x00000000d5580000)
  object space 233984K, 65% used [0x0000000080000000,0x0000000089571ea8,0x000000008e480000)
 Metaspace       used 98816K, capacity 105274K, committed 105472K, reserved 1140736K
  class space    used 12279K, capacity 13754K, committed 13824K, reserved 1048576K
}
Event: 304.165 GC heap before
{Heap before GC invocations=26 (full 4):
 PSYoungGen      total 516096K, used 516085K [0x00000000d5580000, 0x00000000fda80000, 0x0000000100000000)
  eden space 462848K, 100% used [0x00000000d5580000,0x00000000f1980000,0x00000000f1980000)
  from space 53248K, 99% used [0x00000000f1980000,0x00000000f4d7d558,0x00000000f4d80000)
  to   space 76800K, 0% used [0x00000000f8f80000,0x00000000f8f80000,0x00000000fda80000)
 ParOldGen       total 233984K, used 153031K [0x0000000080000000, 0x000000008e480000, 0x00000000d5580000)
  object space 233984K, 65% used [0x0000000080000000,0x0000000089571ea8,0x000000008e480000)
 Metaspace       used 100152K, capacity 106664K, committed 106880K, reserved 1142784K
  class space    used 12438K, capacity 13917K, committed 13952K, reserved 1048576K
Event: 304.289 GC heap after
Heap after GC invocations=26 (full 4):
 PSYoungGen      total 550400K, used 76797K [0x00000000d5580000, 0x0000000100000000, 0x0000000100000000)
  eden space 473600K, 0% used [0x00000000d5580000,0x00000000d5580000,0x00000000f2400000)
  from space 76800K, 99% used [0x00000000f8f80000,0x00000000fda7f458,0x00000000fda80000)
  to   space 110080K, 0% used [0x00000000f2400000,0x00000000f2400000,0x00000000f8f80000)
 ParOldGen       total 233984K, used 207625K [0x0000000080000000, 0x000000008e480000, 0x00000000d5580000)
  object space 233984K, 88% used [0x0000000080000000,0x000000008cac26c0,0x000000008e480000)
 Metaspace       used 100152K, capacity 106664K, committed 106880K, reserved 1142784K
  class space    used 12438K, capacity 13917K, committed 13952K, reserved 1048576K
}
Event: 304.289 GC heap before
{Heap before GC invocations=27 (full 5):
 PSYoungGen      total 550400K, used 76797K [0x00000000d5580000, 0x0000000100000000, 0x0000000100000000)
  eden space 473600K, 0% used [0x00000000d5580000,0x00000000d5580000,0x00000000f2400000)
  from space 76800K, 99% used [0x00000000f8f80000,0x00000000fda7f458,0x00000000fda80000)
  to   space 110080K, 0% used [0x00000000f2400000,0x00000000f2400000,0x00000000f8f80000)
 ParOldGen       total 233984K, used 207625K [0x0000000080000000, 0x000000008e480000, 0x00000000d5580000)
  object space 233984K, 88% used [0x0000000080000000,0x000000008cac26c0,0x000000008e480000)
 Metaspace       used 100152K, capacity 106664K, committed 106880K, reserved 1142784K
  class space    used 12438K, capacity 13917K, committed 13952K, reserved 1048576K
Event: 304.874 GC heap after
Heap after GC invocations=27 (full 5):
 PSYoungGen      total 550400K, used 0K [0x00000000d5580000, 0x0000000100000000, 0x0000000100000000)
  eden space 473600K, 0% used [0x00000000d5580000,0x00000000d5580000,0x00000000f2400000)
  from space 76800K, 0% used [0x00000000f8f80000,0x00000000f8f80000,0x00000000fda80000)
  to   space 110080K, 0% used [0x00000000f2400000,0x00000000f2400000,0x00000000f8f80000)
 ParOldGen       total 428544K, used 213795K [0x0000000080000000, 0x000000009a280000, 0x00000000d5580000)
  object space 428544K, 49% used [0x0000000080000000,0x000000008d0c8ef8,0x000000009a280000)
 Metaspace       used 100152K, capacity 106664K, committed 106880K, reserved 1142784K
  class space    used 12438K, capacity 13917K, committed 13952K, reserved 1048576K
}
Event: 306.188 GC heap before
{Heap before GC invocations=28 (full 5):
 PSYoungGen      total 550400K, used 473600K [0x00000000d5580000, 0x0000000100000000, 0x0000000100000000)
  eden space 473600K, 100% used [0x00000000d5580000,0x00000000f2400000,0x00000000f2400000)
  from space 76800K, 0% used [0x00000000f8f80000,0x00000000f8f80000,0x00000000fda80000)
  to   space 110080K, 0% used [0x00000000f2400000,0x00000000f2400000,0x00000000f8f80000)
 ParOldGen       total 428544K, used 213795K [0x0000000080000000, 0x000000009a280000, 0x00000000d5580000)
  object space 428544K, 49% used [0x0000000080000000,0x000000008d0c8ef8,0x000000009a280000)
 Metaspace       used 100369K, capacity 106888K, committed 107264K, reserved 1142784K
  class space    used 12468K, capacity 13949K, committed 14080K, reserved 1048576K
Event: 306.333 GC heap after
Heap after GC invocations=28 (full 5):
 PSYoungGen      total 577536K, used 103488K [0x00000000d5580000, 0x0000000100000000, 0x0000000100000000)
  eden space 473600K, 0% used [0x00000000d5580000,0x00000000d5580000,0x00000000f2400000)
  from space 103936K, 99% used [0x00000000f2400000,0x00000000f8910010,0x00000000f8980000)
  to   space 121344K, 0% used [0x00000000f8980000,0x00000000f8980000,0x0000000100000000)
 ParOldGen       total 428544K, used 213795K [0x0000000080000000, 0x000000009a280000, 0x00000000d5580000)
  object space 428544K, 49% used [0x0000000080000000,0x000000008d0c8ef8,0x000000009a280000)
 Metaspace       used 100369K, capacity 106888K, committed 107264K, reserved 1142784K
  class space    used 12468K, capacity 13949K, committed 14080K, reserved 1048576K
}

