# JRE version: Java(TM) SE Runtime Environment (8.0_66-b18) (build 1.8.0_66-b18)
# Java VM: Java HotSpot(TM) 64-Bit Server VM (25.66-b18 mixed mode windows-amd64 compressed oops)
Heap:
 PSYoungGen      total 562176K, used 95335K [0x00000000d5580000, 0x0000000100000000, 0x0000000100000000)
  eden space 435200K, 15% used [0x00000000d5580000,0x00000000d95461a8,0x00000000efe80000)
  from space 126976K, 23% used [0x00000000f7880000,0x00000000f95d3b60,0x00000000ff480000)
  to   space 124928K, 0% used [0x00000000efe80000,0x00000000efe80000,0x00000000f7880000)
 ParOldGen       total 569344K, used 208115K [0x0000000080000000, 0x00000000a2c00000, 0x00000000d5580000)
  object space 569344K, 36% used [0x0000000080000000,0x000000008cb3cf30,0x00000000a2c00000)
 Metaspace       used 82502K, capacity 88094K, committed 91096K, reserved 1128448K
  class space    used 10303K, capacity 11081K, committed 11776K, reserved 1048576K
GC Heap History (10 events):
Event: 4195.079 GC heap before
{Heap before GC invocations=82 (full 11):
 PSYoungGen      total 564224K, used 486794K [0x00000000d5580000, 0x00000000ff880000, 0x0000000100000000)
  eden space 442368K, 100% used [0x00000000d5580000,0x00000000f0580000,0x00000000f0580000)
  from space 121856K, 36% used [0x00000000f8180000,0x00000000face2970,0x00000000ff880000)
  to   space 124416K, 0% used [0x00000000f0580000,0x00000000f0580000,0x00000000f7f00000)
 ParOldGen       total 555520K, used 307135K [0x0000000080000000, 0x00000000a1e80000, 0x00000000d5580000)
  object space 555520K, 55% used [0x0000000080000000,0x0000000092befcd8,0x00000000a1e80000)
 Metaspace       used 83297K, capacity 88614K, committed 91096K, reserved 1128448K
  class space    used 10387K, capacity 11161K, committed 11776K, reserved 1048576K
Event: 4195.171 GC heap after
Heap after GC invocations=82 (full 11):
 PSYoungGen      total 549888K, used 107456K [0x00000000d5580000, 0x0000000100000000, 0x0000000100000000)
  eden space 442368K, 0% used [0x00000000d5580000,0x00000000d5580000,0x00000000f0580000)
  from space 107520K, 99% used [0x00000000f0580000,0x00000000f6e70190,0x00000000f6e80000)
  to   space 136704K, 0% used [0x00000000f7a80000,0x00000000f7a80000,0x0000000100000000)
 ParOldGen       total 555520K, used 349850K [0x0000000080000000, 0x00000000a1e80000, 0x00000000d5580000)
  object space 555520K, 62% used [0x0000000080000000,0x00000000955a6a28,0x00000000a1e80000)
 Metaspace       used 83297K, capacity 88614K, committed 91096K, reserved 1128448K
  class space    used 10387K, capacity 11161K, committed 11776K, reserved 1048576K
}
Event: 4201.176 GC heap before
{Heap before GC invocations=83 (full 11):
 PSYoungGen      total 549888K, used 549824K [0x00000000d5580000, 0x0000000100000000, 0x0000000100000000)
  eden space 442368K, 100% used [0x00000000d5580000,0x00000000f0580000,0x00000000f0580000)
  from space 107520K, 99% used [0x00000000f0580000,0x00000000f6e70190,0x00000000f6e80000)
  to   space 136704K, 0% used [0x00000000f7a80000,0x00000000f7a80000,0x0000000100000000)
 ParOldGen       total 555520K, used 349850K [0x0000000080000000, 0x00000000a1e80000, 0x00000000d5580000)
  object space 555520K, 62% used [0x0000000080000000,0x00000000955a6a28,0x00000000a1e80000)
 Metaspace       used 83300K, capacity 88614K, committed 91096K, reserved 1128448K
  class space    used 10387K, capacity 11161K, committed 11776K, reserved 1048576K
Event: 4201.273 GC heap after
Heap after GC invocations=83 (full 11):
 PSYoungGen      total 569856K, used 61566K [0x00000000d5580000, 0x0000000100000000, 0x0000000100000000)
  eden space 433152K, 0% used [0x00000000d5580000,0x00000000d5580000,0x00000000efc80000)
  from space 136704K, 45% used [0x00000000f7a80000,0x00000000fb69fbc8,0x0000000100000000)
  to   space 129024K, 0% used [0x00000000efc80000,0x00000000efc80000,0x00000000f7a80000)
 ParOldGen       total 555520K, used 441363K [0x0000000080000000, 0x00000000a1e80000, 0x00000000d5580000)
  object space 555520K, 79% used [0x0000000080000000,0x000000009af04d80,0x00000000a1e80000)
 Metaspace       used 83300K, capacity 88614K, committed 91096K, reserved 1128448K
  class space    used 10387K, capacity 11161K, committed 11776K, reserved 1048576K
}
Event: 4201.273 GC heap before
{Heap before GC invocations=84 (full 12):
 PSYoungGen      total 569856K, used 61566K [0x00000000d5580000, 0x0000000100000000, 0x0000000100000000)
  eden space 433152K, 0% used [0x00000000d5580000,0x00000000d5580000,0x00000000efc80000)
  from space 136704K, 45% used [0x00000000f7a80000,0x00000000fb69fbc8,0x0000000100000000)
  to   space 129024K, 0% used [0x00000000efc80000,0x00000000efc80000,0x00000000f7a80000)
 ParOldGen       total 555520K, used 441363K [0x0000000080000000, 0x00000000a1e80000, 0x00000000d5580000)
  object space 555520K, 79% used [0x0000000080000000,0x000000009af04d80,0x00000000a1e80000)
 Metaspace       used 83300K, capacity 88614K, committed 91096K, reserved 1128448K
  class space    used 10387K, capacity 11161K, committed 11776K, reserved 1048576K
Event: 4201.633 GC heap after
Heap after GC invocations=84 (full 12):
 PSYoungGen      total 569856K, used 0K [0x00000000d5580000, 0x0000000100000000, 0x0000000100000000)
  eden space 433152K, 0% used [0x00000000d5580000,0x00000000d5580000,0x00000000efc80000)
  from space 136704K, 0% used [0x00000000f7a80000,0x00000000f7a80000,0x0000000100000000)
  to   space 129024K, 0% used [0x00000000efc80000,0x00000000efc80000,0x00000000f7a80000)
 ParOldGen       total 569344K, used 175139K [0x0000000080000000, 0x00000000a2c00000, 0x00000000d5580000)
  object space 569344K, 30% used [0x0000000080000000,0x000000008ab08f98,0x00000000a2c00000)
 Metaspace       used 82263K, capacity 87528K, committed 91096K, reserved 1128448K
  class space    used 10284K, capacity 11056K, committed 11776K, reserved 1048576K
}
Event: 4205.269 GC heap before
{Heap before GC invocations=85 (full 12):
 PSYoungGen      total 569856K, used 433152K [0x00000000d5580000, 0x0000000100000000, 0x0000000100000000)
  eden space 433152K, 100% used [0x00000000d5580000,0x00000000efc80000,0x00000000efc80000)
  from space 136704K, 0% used [0x00000000f7a80000,0x00000000f7a80000,0x0000000100000000)
  to   space 129024K, 0% used [0x00000000efc80000,0x00000000efc80000,0x00000000f7a80000)
 ParOldGen       total 569344K, used 175139K [0x0000000080000000, 0x00000000a2c00000, 0x00000000d5580000)
  object space 569344K, 30% used [0x0000000080000000,0x000000008ab08f98,0x00000000a2c00000)
 Metaspace       used 82308K, capacity 87628K, committed 91096K, reserved 1128448K
  class space    used 10293K, capacity 11072K, committed 11776K, reserved 1048576K
Event: 4205.299 GC heap after
Heap after GC invocations=85 (full 12):
 PSYoungGen      total 469504K, used 36137K [0x00000000d5580000, 0x00000000ff480000, 0x0000000100000000)
  eden space 433152K, 0% used [0x00000000d5580000,0x00000000d5580000,0x00000000efc80000)
  from space 36352K, 99% used [0x00000000efc80000,0x00000000f1fca6b8,0x00000000f2000000)
  to   space 126976K, 0% used [0x00000000f7880000,0x00000000f7880000,0x00000000ff480000)
 ParOldGen       total 569344K, used 175139K [0x0000000080000000, 0x00000000a2c00000, 0x00000000d5580000)
  object space 569344K, 30% used [0x0000000080000000,0x000000008ab08f98,0x00000000a2c00000)
 Metaspace       used 82308K, capacity 87628K, committed 91096K, reserved 1128448K
  class space    used 10293K, capacity 11072K, committed 11776K, reserved 1048576K
}
Event: 5417.435 GC heap before
{Heap before GC invocations=86 (full 12):
 PSYoungGen      total 469504K, used 469289K [0x00000000d5580000, 0x00000000ff480000, 0x0000000100000000)
  eden space 433152K, 100% used [0x00000000d5580000,0x00000000efc80000,0x00000000efc80000)
  from space 36352K, 99% used [0x00000000efc80000,0x00000000f1fca6b8,0x00000000f2000000)
  to   space 126976K, 0% used [0x00000000f7880000,0x00000000f7880000,0x00000000ff480000)
 ParOldGen       total 569344K, used 175139K [0x0000000080000000, 0x00000000a2c00000, 0x00000000d5580000)
  object space 569344K, 30% used [0x0000000080000000,0x000000008ab08f98,0x00000000a2c00000)
 Metaspace       used 82501K, capacity 88094K, committed 91096K, reserved 1128448K
  class space    used 10303K, capacity 11081K, committed 11776K, reserved 1048576K
Event: 5417.479 GC heap after
Heap after GC invocations=86 (full 12):
 PSYoungGen      total 562176K, used 30030K [0x00000000d5580000, 0x0000000100000000, 0x0000000100000000)
  eden space 435200K, 0% used [0x00000000d5580000,0x00000000d5580000,0x00000000efe80000)
  from space 126976K, 23% used [0x00000000f7880000,0x00000000f95d3b60,0x00000000ff480000)
  to   space 124928K, 0% used [0x00000000efe80000,0x00000000efe80000,0x00000000f7880000)
 ParOldGen       total 569344K, used 208115K [0x0000000080000000, 0x00000000a2c00000, 0x00000000d5580000)
  object space 569344K, 36% used [0x0000000080000000,0x000000008cb3cf30,0x00000000a2c00000)
 Metaspace       used 82501K, capacity 88094K, committed 91096K, reserved 1128448K
  class space    used 10303K, capacity 11081K, committed 11776K, reserved 1048576K
}

